#
# There is insufficient memory for the Java Runtime Environment to continue.
# Native memory allocation (malloc) failed to allocate 1312896 bytes for Chunk::new
# Possible reasons:
#   The system is out of physical RAM or swap space
#   The process is running with CompressedOops enabled, and the Java Heap may be blocking the growth of the native heap
# Possible solutions:
#   Reduce memory load on the system
#   Increase physical memory or swap space
#   Check if swap backing store is full
#   Decrease Java heap size (-Xmx/-Xms)
#   Decrease number of Java threads
#   Decrease Java thread stack sizes (-Xss)
#   Set larger code cache with -XX:ReservedCodeCacheSize=
#   JVM is running with Unscaled Compressed Oops mode in which the Java heap is
#     placed in the first 4GB address space. The Java Heap base address is the
#     maximum limit for the native heap growth. Please use -XX:HeapBaseMinAddress
#     to set the Java Heap base and to place the Java Heap above 4GB virtual address.
# This output file may be truncated or incomplete.
#
#  Out of Memory Error (arena.cpp:189), pid=45468, tid=18428
#
# JRE version: OpenJDK Runtime Environment Temurin-17.0.1+12 (17.0.1+12) (build 17.0.1+12)
# Java VM: OpenJDK 64-Bit Server VM Temurin-17.0.1+12 (17.0.1+12, mixed mode, tiered, compressed oops, compressed class ptrs, g1 gc, windows-amd64)
# No core dump will be written. Minidumps are not enabled by default on client versions of Windows
#

---------------  S U M M A R Y ------------

Command Line: -javaagent:C:\Users\2107301\Downloads\eclipse-jee-2021-12-R-win32-x86_64\eclipse\configuration\org.eclipse.osgi\908\0\.cp\jacocoagent.jar=includes=*,excludes=,exclclassloader=sun.reflect.DelegatingClassLoader,output=tcpclient,port=63374 -ea -Dfile.encoding=UTF-8 -XX:+ShowCodeDetailsInExceptionMessages org.eclipse.jdt.internal.junit.runner.RemoteTestRunner -version 3 -port 63375 -testLoaderClass org.eclipse.jdt.internal.junit5.runner.JUnit5TestLoader -loaderpluginname org.eclipse.jdt.junit5.runtime -classNames com.cognizant.moviebookingapp.MoviebookingappMicroserviceApplicationTests

Host: Intel(R) Core(TM) i5-8350U CPU @ 1.70GHz, 8 cores, 7G,  Windows 10 , 64 bit Build 22000 (10.0.22000.1880)
Time: Tue Jun 13 14:06:10 2023 India Standard Time elapsed time: 33.108017 seconds (0d 0h 0m 33s)

---------------  T H R E A D  ---------------

Current thread (0x000001465942ffa0):  JavaThread "C2 CompilerThread0" daemon [_thread_in_native, id=18428, stack(0x0000003b80100000,0x0000003b80200000)]


Current CompileTask:
C2:  33108 8123       4       org.jacoco.agent.rt.internal_3570298.asm.commons.AnalyzerAdapter::execute (2009 bytes)

Stack: [0x0000003b80100000,0x0000003b80200000]
Native frames: (J=compiled Java code, j=interpreted, Vv=VM code, C=native code)
V  [jvm.dll+0x6744da]
V  [jvm.dll+0x82e144]
V  [jvm.dll+0x82f8ee]
V  [jvm.dll+0x82ff53]
V  [jvm.dll+0x245175]
V  [jvm.dll+0xab85b]
V  [jvm.dll+0xabdec]
V  [jvm.dll+0x2abf6f]
V  [jvm.dll+0x57b849]
V  [jvm.dll+0x22022d]
V  [jvm.dll+0x22060f]
V  [jvm.dll+0x219e6a]
V  [jvm.dll+0x217345]
V  [jvm.dll+0x1a355d]
V  [jvm.dll+0x226e38]
V  [jvm.dll+0x224f7c]
V  [jvm.dll+0x7e3f5b]
V  [jvm.dll+0x7de51a]
V  [jvm.dll+0x673305]
C  [ucrtbase.dll+0x26c0c]
C  [KERNEL32.DLL+0x155a0]
C  [ntdll.dll+0x485b]


---------------  P R O C E S S  ---------------

Threads class SMR info:
_java_thread_list=0x00000146595c8f40, length=30, elements={
0x000001463ec17ed0, 0x0000014658aa2440, 0x0000014658aa6570, 0x0000014658ade230,
0x0000014658adeaf0, 0x000001465942d410, 0x000001465942dcd0, 0x000001465942ffa0,
0x0000014659433100, 0x000001465943c5a0, 0x00000146596d3fa0, 0x0000014659c9d870,
0x000001465a317a30, 0x000001465a3d8090, 0x000001465e7d22e0, 0x000001465975b0c0,
0x000001465c5c7a90, 0x000001465dee73f0, 0x000001465deed900, 0x000001465deecf60,
0x000001465dee9a70, 0x000001465dee95a0, 0x000001465deeca90, 0x000001465dee7d90,
0x000001465deeb280, 0x000001465dee8260, 0x000001465deed430, 0x000001465dee9f40,
0x000001465deeb750, 0x000001465deec5c0
}

Java Threads: ( => current thread )
  0x000001463ec17ed0 JavaThread "main" [_thread_blocked, id=37852, stack(0x0000003bff400000,0x0000003bff500000)]
  0x0000014658aa2440 JavaThread "Reference Handler" daemon [_thread_blocked, id=49136, stack(0x0000003bffb00000,0x0000003bffc00000)]
  0x0000014658aa6570 JavaThread "Finalizer" daemon [_thread_blocked, id=47844, stack(0x0000003bffc00000,0x0000003bffd00000)]
  0x0000014658ade230 JavaThread "Signal Dispatcher" daemon [_thread_blocked, id=7420, stack(0x0000003bffd00000,0x0000003bffe00000)]
  0x0000014658adeaf0 JavaThread "Attach Listener" daemon [_thread_blocked, id=50908, stack(0x0000003bffe00000,0x0000003bfff00000)]
  0x000001465942d410 JavaThread "Service Thread" daemon [_thread_blocked, id=43440, stack(0x0000003bfff00000,0x0000003c00000000)]
  0x000001465942dcd0 JavaThread "Monitor Deflation Thread" daemon [_thread_blocked, id=46420, stack(0x0000003b80000000,0x0000003b80100000)]
=>0x000001465942ffa0 JavaThread "C2 CompilerThread0" daemon [_thread_in_native, id=18428, stack(0x0000003b80100000,0x0000003b80200000)]
  0x0000014659433100 JavaThread "C1 CompilerThread0" daemon [_thread_blocked, id=38848, stack(0x0000003b80200000,0x0000003b80300000)]
  0x000001465943c5a0 JavaThread "Sweeper thread" daemon [_thread_blocked, id=16964, stack(0x0000003b80300000,0x0000003b80400000)]
  0x00000146596d3fa0 JavaThread "Common-Cleaner" daemon [_thread_blocked, id=26820, stack(0x0000003b80400000,0x0000003b80500000)]
  0x0000014659c9d870 JavaThread "org.jacoco.agent.rt.internal_3570298.output.TcpClientOutput" daemon [_thread_in_native, id=53180, stack(0x0000003b80500000,0x0000003b80600000)]
  0x000001465a317a30 JavaThread "Notification Thread" daemon [_thread_blocked, id=53296, stack(0x0000003b80600000,0x0000003b80700000)]
  0x000001465a3d8090 JavaThread "ReaderThread" [_thread_in_native, id=39136, stack(0x0000003b80d00000,0x0000003b80e00000)]
  0x000001465e7d22e0 JavaThread "mysql-cj-abandoned-connection-cleanup" daemon [_thread_blocked, id=35200, stack(0x0000003b81100000,0x0000003b81200000)]
  0x000001465975b0c0 JavaThread "HikariPool-1 housekeeper" daemon [_thread_blocked, id=53368, stack(0x0000003b81300000,0x0000003b81400000)]
  0x000001465c5c7a90 JavaThread "ClassGraph-worker-42" daemon [_thread_in_vm, id=11464, stack(0x0000003b81600000,0x0000003b81700000)]
  0x000001465dee73f0 JavaThread "ClassGraph-worker-43" daemon [_thread_blocked, id=53780, stack(0x0000003b81700000,0x0000003b81800000)]
  0x000001465deed900 JavaThread "ClassGraph-worker-44" daemon [_thread_blocked, id=45156, stack(0x0000003b81800000,0x0000003b81900000)]
  0x000001465deecf60 JavaThread "ClassGraph-worker-45" daemon [_thread_blocked, id=27724, stack(0x0000003b81900000,0x0000003b81a00000)]
  0x000001465dee9a70 JavaThread "ClassGraph-worker-46" daemon [_thread_blocked, id=53792, stack(0x0000003b81a00000,0x0000003b81b00000)]
  0x000001465dee95a0 JavaThread "ClassGraph-worker-47" daemon [_thread_blocked, id=52676, stack(0x0000003b81b00000,0x0000003b81c00000)]
  0x000001465deeca90 JavaThread "ClassGraph-worker-48" daemon [_thread_blocked, id=49568, stack(0x0000003b81c00000,0x0000003b81d00000)]
  0x000001465dee7d90 JavaThread "ClassGraph-worker-49" daemon [_thread_blocked, id=44716, stack(0x0000003b81d00000,0x0000003b81e00000)]
  0x000001465deeb280 JavaThread "ClassGraph-worker-50" daemon [_thread_blocked, id=35716, stack(0x0000003b81e00000,0x0000003b81f00000)]
  0x000001465dee8260 JavaThread "ClassGraph-worker-51" daemon [_thread_blocked, id=36064, stack(0x0000003b81f00000,0x0000003b82000000)]
  0x000001465deed430 JavaThread "ClassGraph-worker-52" daemon [_thread_blocked, id=25928, stack(0x0000003b82000000,0x0000003b82100000)]
  0x000001465dee9f40 JavaThread "ClassGraph-worker-53" daemon [_thread_blocked, id=52464, stack(0x0000003b82100000,0x0000003b82200000)]
  0x000001465deeb750 JavaThread "ClassGraph-worker-54" daemon [_thread_blocked, id=18180, stack(0x0000003b82200000,0x0000003b82300000)]
  0x000001465deec5c0 JavaThread "ClassGraph-worker-55" daemon [_thread_blocked, id=16456, stack(0x0000003b82300000,0x0000003b82400000)]

Other Threads:
  0x0000014658ad3d10 VMThread "VM Thread" [stack: 0x0000003bffa00000,0x0000003bffb00000] [id=52280]
  0x000001465a2a9af0 WatcherThread [stack: 0x0000003b80700000,0x0000003b80800000] [id=50184]
  0x000001463ec55a30 GCTaskThread "GC Thread#0" [stack: 0x0000003bff500000,0x0000003bff600000] [id=37472]
  0x000001465a1b4040 GCTaskThread "GC Thread#1" [stack: 0x0000003b80800000,0x0000003b80900000] [id=20076]
  0x000001465a53da00 GCTaskThread "GC Thread#2" [stack: 0x0000003b80900000,0x0000003b80a00000] [id=26392]
  0x000001465a401670 GCTaskThread "GC Thread#3" [stack: 0x0000003b80a00000,0x0000003b80b00000] [id=24052]
  0x000001465a401920 GCTaskThread "GC Thread#4" [stack: 0x0000003b80b00000,0x0000003b80c00000] [id=47360]
  0x000001465a4b3020 GCTaskThread "GC Thread#5" [stack: 0x0000003b80c00000,0x0000003b80d00000] [id=38128]
  0x000001465a9da680 GCTaskThread "GC Thread#6" [stack: 0x0000003b80e00000,0x0000003b80f00000] [id=25812]
  0x000001465cf987b0 GCTaskThread "GC Thread#7" [stack: 0x0000003b80f00000,0x0000003b81000000] [id=51620]
  0x000001463ec66380 ConcurrentGCThread "G1 Main Marker" [stack: 0x0000003bff600000,0x0000003bff700000] [id=50692]
  0x000001463ec66ca0 ConcurrentGCThread "G1 Conc#0" [stack: 0x0000003bff700000,0x0000003bff800000] [id=1844]
  0x000001465cf98a60 ConcurrentGCThread "G1 Conc#1" [stack: 0x0000003b81000000,0x0000003b81100000] [id=53560]
  0x00000146589120c0 ConcurrentGCThread "G1 Refine#0" [stack: 0x0000003bff800000,0x0000003bff900000] [id=47668]
  0x000001465d039740 ConcurrentGCThread "G1 Refine#1" [stack: 0x0000003b82400000,0x0000003b82500000] [id=38352]
  0x00000146589138a0 ConcurrentGCThread "G1 Service" [stack: 0x0000003bff900000,0x0000003bffa00000] [id=20552]

Threads with active compile tasks:
C2 CompilerThread0    33162 8123       4       org.jacoco.agent.rt.internal_3570298.asm.commons.AnalyzerAdapter::execute (2009 bytes)
C1 CompilerThread0    33162 8259       2       java.util.concurrent.ThreadPoolExecutor$Worker::tryRelease (12 bytes)

VM state: not at safepoint (normal execution)

VM Mutex/Monitor currently owned by a thread: None

Heap address: 0x0000000082800000, size: 2008 MB, Compressed Oops mode: 32-bit

CDS archive(s) not mapped
Compressed class space mapped at: 0x0000000100000000-0x0000000140000000, reserved size: 1073741824
Narrow klass base: 0x0000000000000000, Narrow klass shift: 3, Narrow klass range: 0x140000000

GC Precious Log:
 CPUs: 8 total, 8 available
 Memory: 8025M
 Large Page Support: Disabled
 NUMA Support: Disabled
 Compressed Oops: Enabled (32-bit)
 Heap Region Size: 1M
 Heap Min Capacity: 8M
 Heap Initial Capacity: 126M
 Heap Max Capacity: 2008M
 Pre-touch: Disabled
 Parallel Workers: 8
 Concurrent Workers: 2
 Concurrent Refinement Workers: 8
 Periodic GC: Disabled

Heap:
 garbage-first heap   total 148480K, used 75102K [0x0000000082800000, 0x0000000100000000)
  region size 1024K, 10 young (10240K), 5 survivors (5120K)
 Metaspace       used 90038K, committed 90560K, reserved 1130496K
  class space    used 10553K, committed 10816K, reserved 1048576K

Heap Regions: E=young(eden), S=young(survivor), O=old, HS=humongous(starts), HC=humongous(continues), CS=collection set, F=free, OA=open archive, CA=closed archive, TAMS=top-at-mark-start (previous, next)
|   0|0x0000000082800000, 0x0000000082900000, 0x0000000082900000|100%|HS|  |TAMS 0x0000000082900000, 0x0000000082900000| Complete 
|   1|0x0000000082900000, 0x0000000082a00000, 0x0000000082a00000|100%| O|  |TAMS 0x0000000082a00000, 0x0000000082a00000| Untracked 
|   2|0x0000000082a00000, 0x0000000082b00000, 0x0000000082b00000|100%| O|  |TAMS 0x0000000082b00000, 0x0000000082b00000| Untracked 
|   3|0x0000000082b00000, 0x0000000082c00000, 0x0000000082c00000|100%| O|  |TAMS 0x0000000082c00000, 0x0000000082c00000| Untracked 
|   4|0x0000000082c00000, 0x0000000082d00000, 0x0000000082d00000|100%| O|  |TAMS 0x0000000082d00000, 0x0000000082d00000| Untracked 
|   5|0x0000000082d00000, 0x0000000082e00000, 0x0000000082e00000|100%| O|  |TAMS 0x0000000082e00000, 0x0000000082e00000| Untracked 
|   6|0x0000000082e00000, 0x0000000082f00000, 0x0000000082f00000|100%| O|  |TAMS 0x0000000082f00000, 0x0000000082f00000| Untracked 
|   7|0x0000000082f00000, 0x0000000083000000, 0x0000000083000000|100%| O|  |TAMS 0x0000000083000000, 0x0000000083000000| Untracked 
|   8|0x0000000083000000, 0x0000000083100000, 0x0000000083100000|100%| O|  |TAMS 0x0000000083100000, 0x0000000083100000| Untracked 
|   9|0x0000000083100000, 0x0000000083200000, 0x0000000083200000|100%| O|  |TAMS 0x0000000083200000, 0x0000000083200000| Untracked 
|  10|0x0000000083200000, 0x0000000083300000, 0x0000000083300000|100%| O|  |TAMS 0x0000000083300000, 0x0000000083300000| Untracked 
|  11|0x0000000083300000, 0x0000000083400000, 0x0000000083400000|100%| O|  |TAMS 0x0000000083400000, 0x0000000083400000| Untracked 
|  12|0x0000000083400000, 0x0000000083500000, 0x0000000083500000|100%| O|  |TAMS 0x0000000083500000, 0x0000000083500000| Untracked 
|  13|0x0000000083500000, 0x0000000083600000, 0x0000000083600000|100%| O|  |TAMS 0x0000000083600000, 0x0000000083600000| Untracked 
|  14|0x0000000083600000, 0x0000000083700000, 0x0000000083700000|100%| O|  |TAMS 0x0000000083700000, 0x0000000083700000| Untracked 
|  15|0x0000000083700000, 0x0000000083794000, 0x0000000083800000| 57%| O|  |TAMS 0x0000000083794000, 0x0000000083794000| Untracked 
|  16|0x0000000083800000, 0x0000000083900000, 0x0000000083900000|100%| O|  |TAMS 0x0000000083900000, 0x0000000083900000| Untracked 
|  17|0x0000000083900000, 0x0000000083a00000, 0x0000000083a00000|100%| O|  |TAMS 0x0000000083a00000, 0x0000000083a00000| Untracked 
|  18|0x0000000083a00000, 0x0000000083b00000, 0x0000000083b00000|100%| O|  |TAMS 0x0000000083b00000, 0x0000000083b00000| Untracked 
|  19|0x0000000083b00000, 0x0000000083c00000, 0x0000000083c00000|100%| O|  |TAMS 0x0000000083c00000, 0x0000000083c00000| Untracked 
|  20|0x0000000083c00000, 0x0000000083d00000, 0x0000000083d00000|100%| O|  |TAMS 0x0000000083d00000, 0x0000000083d00000| Untracked 
|  21|0x0000000083d00000, 0x0000000083e00000, 0x0000000083e00000|100%| O|  |TAMS 0x0000000083e00000, 0x0000000083e00000| Untracked 
|  22|0x0000000083e00000, 0x0000000083f00000, 0x0000000083f00000|100%| O|  |TAMS 0x0000000083f00000, 0x0000000083f00000| Untracked 
|  23|0x0000000083f00000, 0x0000000084000000, 0x0000000084000000|100%| O|  |TAMS 0x0000000084000000, 0x0000000084000000| Untracked 
|  24|0x0000000084000000, 0x0000000084100000, 0x0000000084100000|100%| O|  |TAMS 0x0000000084100000, 0x0000000084100000| Untracked 
|  25|0x0000000084100000, 0x0000000084200000, 0x0000000084200000|100%| O|  |TAMS 0x00000000841b4e00, 0x0000000084200000| Untracked 
|  26|0x0000000084200000, 0x0000000084300000, 0x0000000084300000|100%| O|  |TAMS 0x0000000084200000, 0x0000000084300000| Untracked 
|  27|0x0000000084300000, 0x0000000084400000, 0x0000000084400000|100%| O|  |TAMS 0x0000000084300000, 0x0000000084400000| Untracked 
|  28|0x0000000084400000, 0x0000000084500000, 0x0000000084500000|100%| O|  |TAMS 0x0000000084400000, 0x0000000084500000| Untracked 
|  29|0x0000000084500000, 0x0000000084600000, 0x0000000084600000|100%| O|  |TAMS 0x0000000084500000, 0x0000000084600000| Untracked 
|  30|0x0000000084600000, 0x0000000084700000, 0x0000000084700000|100%| O|  |TAMS 0x0000000084600000, 0x0000000084700000| Untracked 
|  31|0x0000000084700000, 0x0000000084800000, 0x0000000084800000|100%| O|  |TAMS 0x0000000084700000, 0x0000000084800000| Untracked 
|  32|0x0000000084800000, 0x0000000084900000, 0x0000000084900000|100%| O|  |TAMS 0x0000000084800000, 0x0000000084900000| Untracked 
|  33|0x0000000084900000, 0x0000000084a00000, 0x0000000084a00000|100%| O|  |TAMS 0x0000000084900000, 0x0000000084a00000| Untracked 
|  34|0x0000000084a00000, 0x0000000084b00000, 0x0000000084b00000|100%| O|  |TAMS 0x0000000084a00000, 0x0000000084b00000| Untracked 
|  35|0x0000000084b00000, 0x0000000084c00000, 0x0000000084c00000|100%| O|  |TAMS 0x0000000084b00000, 0x0000000084b00000| Untracked 
|  36|0x0000000084c00000, 0x0000000084d00000, 0x0000000084d00000|100%| O|  |TAMS 0x0000000084c00000, 0x0000000084d00000| Untracked 
|  37|0x0000000084d00000, 0x0000000084e00000, 0x0000000084e00000|100%| O|  |TAMS 0x0000000084d00000, 0x0000000084e00000| Untracked 
|  38|0x0000000084e00000, 0x0000000084f00000, 0x0000000084f00000|100%| O|  |TAMS 0x0000000084e00000, 0x0000000084f00000| Untracked 
|  39|0x0000000084f00000, 0x0000000085000000, 0x0000000085000000|100%| O|  |TAMS 0x0000000084f00000, 0x0000000085000000| Untracked 
|  40|0x0000000085000000, 0x0000000085100000, 0x0000000085100000|100%| O|  |TAMS 0x0000000085000000, 0x0000000085100000| Untracked 
|  41|0x0000000085100000, 0x0000000085200000, 0x0000000085200000|100%| O|  |TAMS 0x0000000085100000, 0x0000000085200000| Untracked 
|  42|0x0000000085200000, 0x0000000085300000, 0x0000000085300000|100%| O|  |TAMS 0x0000000085200000, 0x0000000085300000| Untracked 
|  43|0x0000000085300000, 0x0000000085400000, 0x0000000085400000|100%| O|  |TAMS 0x0000000085300000, 0x0000000085400000| Untracked 
|  44|0x0000000085400000, 0x0000000085500000, 0x0000000085500000|100%| O|  |TAMS 0x0000000085400000, 0x0000000085500000| Untracked 
|  45|0x0000000085500000, 0x0000000085600000, 0x0000000085600000|100%| O|  |TAMS 0x0000000085500000, 0x0000000085600000| Untracked 
|  46|0x0000000085600000, 0x0000000085700000, 0x0000000085700000|100%| O|  |TAMS 0x0000000085600000, 0x0000000085700000| Untracked 
|  47|0x0000000085700000, 0x0000000085800000, 0x0000000085800000|100%| O|  |TAMS 0x0000000085700000, 0x0000000085800000| Untracked 
|  48|0x0000000085800000, 0x0000000085900000, 0x0000000085900000|100%| O|  |TAMS 0x0000000085800000, 0x0000000085900000| Untracked 
|  49|0x0000000085900000, 0x0000000085a00000, 0x0000000085a00000|100%| O|  |TAMS 0x0000000085900000, 0x0000000085a00000| Untracked 
|  50|0x0000000085a00000, 0x0000000085b00000, 0x0000000085b00000|100%| O|  |TAMS 0x0000000085a00000, 0x0000000085b00000| Untracked 
|  51|0x0000000085b00000, 0x0000000085c00000, 0x0000000085c00000|100%| O|  |TAMS 0x0000000085b00000, 0x0000000085c00000| Untracked 
|  52|0x0000000085c00000, 0x0000000085d00000, 0x0000000085d00000|100%| O|  |TAMS 0x0000000085c00000, 0x0000000085c00000| Untracked 
|  53|0x0000000085d00000, 0x0000000085e00000, 0x0000000085e00000|100%| O|  |TAMS 0x0000000085d00000, 0x0000000085e00000| Untracked 
|  54|0x0000000085e00000, 0x0000000085f00000, 0x0000000085f00000|100%| O|  |TAMS 0x0000000085e00000, 0x0000000085f00000| Untracked 
|  55|0x0000000085f00000, 0x0000000086000000, 0x0000000086000000|100%| O|  |TAMS 0x0000000085f00000, 0x0000000086000000| Untracked 
|  56|0x0000000086000000, 0x0000000086100000, 0x0000000086100000|100%| O|  |TAMS 0x0000000086000000, 0x0000000086045000| Untracked 
|  57|0x0000000086100000, 0x0000000086200000, 0x0000000086200000|100%| O|  |TAMS 0x0000000086100000, 0x0000000086100000| Untracked 
|  58|0x0000000086200000, 0x0000000086300000, 0x0000000086300000|100%| O|  |TAMS 0x0000000086200000, 0x0000000086200000| Untracked 
|  59|0x0000000086300000, 0x0000000086400000, 0x0000000086400000|100%| O|  |TAMS 0x0000000086300000, 0x0000000086300000| Untracked 
|  60|0x0000000086400000, 0x0000000086500000, 0x0000000086500000|100%| O|  |TAMS 0x0000000086400000, 0x0000000086400000| Untracked 
|  61|0x0000000086500000, 0x0000000086600000, 0x0000000086600000|100%| O|  |TAMS 0x0000000086500000, 0x0000000086500000| Untracked 
|  62|0x0000000086600000, 0x0000000086700000, 0x0000000086700000|100%| O|  |TAMS 0x0000000086600000, 0x0000000086600000| Untracked 
|  63|0x0000000086700000, 0x00000000867c3800, 0x0000000086800000| 76%| O|  |TAMS 0x0000000086700000, 0x0000000086700000| Untracked 
|  64|0x0000000086800000, 0x0000000086800000, 0x0000000086900000|  0%| F|  |TAMS 0x0000000086800000, 0x0000000086800000| Untracked 
|  65|0x0000000086900000, 0x0000000086900000, 0x0000000086a00000|  0%| F|  |TAMS 0x0000000086900000, 0x0000000086900000| Untracked 
|  66|0x0000000086a00000, 0x0000000086a00000, 0x0000000086b00000|  0%| F|  |TAMS 0x0000000086a00000, 0x0000000086a00000| Untracked 
|  67|0x0000000086b00000, 0x0000000086b00000, 0x0000000086c00000|  0%| F|  |TAMS 0x0000000086b00000, 0x0000000086b00000| Untracked 
|  68|0x0000000086c00000, 0x0000000086c00000, 0x0000000086d00000|  0%| F|  |TAMS 0x0000000086c00000, 0x0000000086c00000| Untracked 
|  69|0x0000000086d00000, 0x0000000086d00000, 0x0000000086e00000|  0%| F|  |TAMS 0x0000000086d00000, 0x0000000086d00000| Untracked 
|  70|0x0000000086e00000, 0x0000000086e00000, 0x0000000086f00000|  0%| F|  |TAMS 0x0000000086e00000, 0x0000000086e00000| Untracked 
|  71|0x0000000086f00000, 0x0000000086f00000, 0x0000000087000000|  0%| F|  |TAMS 0x0000000086f00000, 0x0000000086f00000| Untracked 
|  72|0x0000000087000000, 0x0000000087000000, 0x0000000087100000|  0%| F|  |TAMS 0x0000000087000000, 0x0000000087000000| Untracked 
|  73|0x0000000087100000, 0x0000000087100000, 0x0000000087200000|  0%| F|  |TAMS 0x0000000087100000, 0x0000000087100000| Untracked 
|  74|0x0000000087200000, 0x0000000087200000, 0x0000000087300000|  0%| F|  |TAMS 0x0000000087200000, 0x0000000087200000| Untracked 
|  75|0x0000000087300000, 0x0000000087300000, 0x0000000087400000|  0%| F|  |TAMS 0x0000000087300000, 0x0000000087300000| Untracked 
|  76|0x0000000087400000, 0x0000000087400000, 0x0000000087500000|  0%| F|  |TAMS 0x0000000087400000, 0x0000000087400000| Untracked 
|  77|0x0000000087500000, 0x0000000087500000, 0x0000000087600000|  0%| F|  |TAMS 0x0000000087500000, 0x0000000087500000| Untracked 
|  78|0x0000000087600000, 0x0000000087600000, 0x0000000087700000|  0%| F|  |TAMS 0x0000000087600000, 0x0000000087600000| Untracked 
|  79|0x0000000087700000, 0x0000000087700000, 0x0000000087800000|  0%| F|  |TAMS 0x0000000087700000, 0x0000000087700000| Untracked 
|  80|0x0000000087800000, 0x0000000087800000, 0x0000000087900000|  0%| F|  |TAMS 0x0000000087800000, 0x0000000087800000| Untracked 
|  81|0x0000000087900000, 0x0000000087900000, 0x0000000087a00000|  0%| F|  |TAMS 0x0000000087900000, 0x0000000087900000| Untracked 
|  82|0x0000000087a00000, 0x0000000087a00000, 0x0000000087b00000|  0%| F|  |TAMS 0x0000000087a00000, 0x0000000087a00000| Untracked 
|  83|0x0000000087b00000, 0x0000000087c00000, 0x0000000087c00000|100%| S|CS|TAMS 0x0000000087b00000, 0x0000000087b00000| Complete 
|  84|0x0000000087c00000, 0x0000000087d00000, 0x0000000087d00000|100%| S|CS|TAMS 0x0000000087c00000, 0x0000000087c00000| Complete 
|  85|0x0000000087d00000, 0x0000000087e00000, 0x0000000087e00000|100%| S|CS|TAMS 0x0000000087d00000, 0x0000000087d00000| Complete 
|  86|0x0000000087e00000, 0x0000000087f00000, 0x0000000087f00000|100%| S|CS|TAMS 0x0000000087e00000, 0x0000000087e00000| Complete 
|  87|0x0000000087f00000, 0x0000000088000000, 0x0000000088000000|100%| S|CS|TAMS 0x0000000087f00000, 0x0000000087f00000| Complete 
|  88|0x0000000088000000, 0x0000000088000000, 0x0000000088100000|  0%| F|  |TAMS 0x0000000088000000, 0x0000000088000000| Untracked 
|  89|0x0000000088100000, 0x0000000088100000, 0x0000000088200000|  0%| F|  |TAMS 0x0000000088100000, 0x0000000088100000| Untracked 
|  90|0x0000000088200000, 0x0000000088200000, 0x0000000088300000|  0%| F|  |TAMS 0x0000000088200000, 0x0000000088200000| Untracked 
|  91|0x0000000088300000, 0x0000000088300000, 0x0000000088400000|  0%| F|  |TAMS 0x0000000088300000, 0x0000000088300000| Untracked 
|  92|0x0000000088400000, 0x0000000088400000, 0x0000000088500000|  0%| F|  |TAMS 0x0000000088400000, 0x0000000088400000| Untracked 
|  93|0x0000000088500000, 0x0000000088500000, 0x0000000088600000|  0%| F|  |TAMS 0x0000000088500000, 0x0000000088500000| Untracked 
|  94|0x0000000088600000, 0x0000000088600000, 0x0000000088700000|  0%| F|  |TAMS 0x0000000088600000, 0x0000000088600000| Untracked 
|  95|0x0000000088700000, 0x0000000088700000, 0x0000000088800000|  0%| F|  |TAMS 0x0000000088700000, 0x0000000088700000| Untracked 
|  96|0x0000000088800000, 0x0000000088800000, 0x0000000088900000|  0%| F|  |TAMS 0x0000000088800000, 0x0000000088800000| Untracked 
|  97|0x0000000088900000, 0x0000000088900000, 0x0000000088a00000|  0%| F|  |TAMS 0x0000000088900000, 0x0000000088900000| Untracked 
|  98|0x0000000088a00000, 0x0000000088a00000, 0x0000000088b00000|  0%| F|  |TAMS 0x0000000088a00000, 0x0000000088a00000| Untracked 
|  99|0x0000000088b00000, 0x0000000088b00000, 0x0000000088c00000|  0%| F|  |TAMS 0x0000000088b00000, 0x0000000088b00000| Untracked 
| 100|0x0000000088c00000, 0x0000000088c00000, 0x0000000088d00000|  0%| F|  |TAMS 0x0000000088c00000, 0x0000000088c00000| Untracked 
| 101|0x0000000088d00000, 0x0000000088d00000, 0x0000000088e00000|  0%| F|  |TAMS 0x0000000088d00000, 0x0000000088d00000| Untracked 
| 102|0x0000000088e00000, 0x0000000088e00000, 0x0000000088f00000|  0%| F|  |TAMS 0x0000000088e00000, 0x0000000088e00000| Untracked 
| 103|0x0000000088f00000, 0x0000000088f00000, 0x0000000089000000|  0%| F|  |TAMS 0x0000000088f00000, 0x0000000088f00000| Untracked 
| 104|0x0000000089000000, 0x0000000089000000, 0x0000000089100000|  0%| F|  |TAMS 0x0000000089000000, 0x0000000089000000| Untracked 
| 105|0x0000000089100000, 0x0000000089100000, 0x0000000089200000|  0%| F|  |TAMS 0x0000000089100000, 0x0000000089100000| Untracked 
| 106|0x0000000089200000, 0x0000000089200000, 0x0000000089300000|  0%| F|  |TAMS 0x0000000089200000, 0x0000000089200000| Untracked 
| 107|0x0000000089300000, 0x0000000089300000, 0x0000000089400000|  0%| F|  |TAMS 0x0000000089300000, 0x0000000089300000| Untracked 
| 108|0x0000000089400000, 0x0000000089400000, 0x0000000089500000|  0%| F|  |TAMS 0x0000000089400000, 0x0000000089400000| Untracked 
| 109|0x0000000089500000, 0x0000000089500000, 0x0000000089600000|  0%| F|  |TAMS 0x0000000089500000, 0x0000000089500000| Untracked 
| 110|0x0000000089600000, 0x0000000089600000, 0x0000000089700000|  0%| F|  |TAMS 0x0000000089600000, 0x0000000089600000| Untracked 
| 111|0x0000000089700000, 0x0000000089700000, 0x0000000089800000|  0%| F|  |TAMS 0x0000000089700000, 0x0000000089700000| Untracked 
| 112|0x0000000089800000, 0x0000000089800000, 0x0000000089900000|  0%| F|  |TAMS 0x0000000089800000, 0x0000000089800000| Untracked 
| 113|0x0000000089900000, 0x0000000089900000, 0x0000000089a00000|  0%| F|  |TAMS 0x0000000089900000, 0x0000000089900000| Untracked 
| 114|0x0000000089a00000, 0x0000000089a00000, 0x0000000089b00000|  0%| F|  |TAMS 0x0000000089a00000, 0x0000000089a00000| Untracked 
| 115|0x0000000089b00000, 0x0000000089b00000, 0x0000000089c00000|  0%| F|  |TAMS 0x0000000089b00000, 0x0000000089b00000| Untracked 
| 116|0x0000000089c00000, 0x0000000089c00000, 0x0000000089d00000|  0%| F|  |TAMS 0x0000000089c00000, 0x0000000089c00000| Untracked 
| 117|0x0000000089d00000, 0x0000000089d00000, 0x0000000089e00000|  0%| F|  |TAMS 0x0000000089d00000, 0x0000000089d00000| Untracked 
| 118|0x0000000089e00000, 0x0000000089e00000, 0x0000000089f00000|  0%| F|  |TAMS 0x0000000089e00000, 0x0000000089e00000| Untracked 
| 119|0x0000000089f00000, 0x0000000089f00000, 0x000000008a000000|  0%| F|  |TAMS 0x0000000089f00000, 0x0000000089f00000| Untracked 
| 120|0x000000008a000000, 0x000000008a000000, 0x000000008a100000|  0%| F|  |TAMS 0x000000008a000000, 0x000000008a000000| Untracked 
| 121|0x000000008a100000, 0x000000008a100000, 0x000000008a200000|  0%| F|  |TAMS 0x000000008a100000, 0x000000008a100000| Untracked 
| 122|0x000000008a200000, 0x000000008a200000, 0x000000008a300000|  0%| F|  |TAMS 0x000000008a200000, 0x000000008a200000| Untracked 
| 123|0x000000008a300000, 0x000000008a300000, 0x000000008a400000|  0%| F|  |TAMS 0x000000008a300000, 0x000000008a300000| Untracked 
| 124|0x000000008a400000, 0x000000008a400000, 0x000000008a500000|  0%| F|  |TAMS 0x000000008a400000, 0x000000008a400000| Untracked 
| 125|0x000000008a500000, 0x000000008a500000, 0x000000008a600000|  0%| F|  |TAMS 0x000000008a500000, 0x000000008a500000| Untracked 
| 126|0x000000008a600000, 0x000000008a600000, 0x000000008a700000|  0%| F|  |TAMS 0x000000008a600000, 0x000000008a600000| Untracked 
| 127|0x000000008a700000, 0x000000008a700000, 0x000000008a800000|  0%| F|  |TAMS 0x000000008a700000, 0x000000008a700000| Untracked 
| 128|0x000000008a800000, 0x000000008a800000, 0x000000008a900000|  0%| F|  |TAMS 0x000000008a800000, 0x000000008a800000| Untracked 
| 129|0x000000008a900000, 0x000000008a900000, 0x000000008aa00000|  0%| F|  |TAMS 0x000000008a900000, 0x000000008a900000| Untracked 
| 130|0x000000008aa00000, 0x000000008aa00000, 0x000000008ab00000|  0%| F|  |TAMS 0x000000008aa00000, 0x000000008aa00000| Untracked 
| 131|0x000000008ab00000, 0x000000008ab00000, 0x000000008ac00000|  0%| F|  |TAMS 0x000000008ab00000, 0x000000008ab00000| Untracked 
| 132|0x000000008ac00000, 0x000000008ac00000, 0x000000008ad00000|  0%| F|  |TAMS 0x000000008ac00000, 0x000000008ac00000| Untracked 
| 133|0x000000008ad00000, 0x000000008ad00000, 0x000000008ae00000|  0%| F|  |TAMS 0x000000008ad00000, 0x000000008ad00000| Untracked 
| 134|0x000000008ae00000, 0x000000008ae00000, 0x000000008af00000|  0%| F|  |TAMS 0x000000008ae00000, 0x000000008ae00000| Untracked 
| 135|0x000000008af00000, 0x000000008af00000, 0x000000008b000000|  0%| F|  |TAMS 0x000000008af00000, 0x000000008af00000| Untracked 
| 136|0x000000008b000000, 0x000000008b000000, 0x000000008b100000|  0%| F|  |TAMS 0x000000008b000000, 0x000000008b000000| Untracked 
| 137|0x000000008b100000, 0x000000008b100000, 0x000000008b200000|  0%| F|  |TAMS 0x000000008b100000, 0x000000008b100000| Untracked 
| 138|0x000000008b200000, 0x000000008b200000, 0x000000008b300000|  0%| F|  |TAMS 0x000000008b200000, 0x000000008b200000| Untracked 
| 139|0x000000008b300000, 0x000000008b3f4e40, 0x000000008b400000| 95%| E|  |TAMS 0x000000008b300000, 0x000000008b300000| Complete 
| 140|0x000000008b400000, 0x000000008b500000, 0x000000008b500000|100%| E|CS|TAMS 0x000000008b400000, 0x000000008b400000| Complete 
| 141|0x000000008b500000, 0x000000008b600000, 0x000000008b600000|100%| E|CS|TAMS 0x000000008b500000, 0x000000008b500000| Complete 
| 142|0x000000008b600000, 0x000000008b700000, 0x000000008b700000|100%| E|CS|TAMS 0x000000008b600000, 0x000000008b600000| Complete 
| 143|0x000000008b700000, 0x000000008b800000, 0x000000008b800000|100%| E|CS|TAMS 0x000000008b700000, 0x000000008b700000| Complete 
|2007|0x00000000fff00000, 0x0000000100000000, 0x0000000100000000|100%| O|  |TAMS 0x00000000fff00000, 0x0000000100000000| Untracked 

Card table byte_map: [0x00000146519b0000,0x0000014651da0000] _byte_map_base: 0x000001465159c000

Marking Bits (Prev, Next): (CMBitMap*) 0x000001463ec55f90, (CMBitMap*) 0x000001463ec55f50
 Prev Bits: [0x00000146540f0000, 0x0000014656050000)
 Next Bits: [0x0000014652190000, 0x00000146540f0000)

Polling page: 0x000001463cba0000

Metaspace:

Usage:
  Non-class:     77.62 MB used.
      Class:     10.31 MB used.
       Both:     87.93 MB used.

Virtual space:
  Non-class space:       80.00 MB reserved,      77.88 MB ( 97%) committed,  10 nodes.
      Class space:        1.00 GB reserved,      10.56 MB (  1%) committed,  1 nodes.
             Both:        1.08 GB reserved,      88.44 MB (  8%) committed. 

Chunk freelists:
   Non-Class:  1.69 MB
       Class:  1.41 MB
        Both:  3.09 MB

MaxMetaspaceSize: unlimited
CompressedClassSpaceSize: 1.00 GB
Initial GC threshold: 21.00 MB
Current GC threshold: 98.75 MB
CDS: off
MetaspaceReclaimPolicy: balanced
 - commit_granule_bytes: 65536.
 - commit_granule_words: 8192.
 - virtual_space_node_default_size: 1048576.
 - enlarge_chunks_in_place: 1.
 - new_chunks_are_fully_committed: 0.
 - uncommit_free_chunks: 1.
 - use_allocation_guard: 0.
 - handle_deallocations: 1.


Internal statistics:

num_allocs_failed_limit: 9.
num_arena_births: 662.
num_arena_deaths: 2.
num_vsnodes_births: 11.
num_vsnodes_deaths: 0.
num_space_committed: 1415.
num_space_uncommitted: 0.
num_chunks_returned_to_freelist: 12.
num_chunks_taken_from_freelist: 3498.
num_chunk_merges: 6.
num_chunk_splits: 2607.
num_chunks_enlarged: 2117.
num_purges: 2.
num_inconsistent_stats: 0.

CodeHeap 'non-profiled nmethods': size=120000Kb used=3412Kb max_used=3412Kb free=116587Kb
 bounds [0x0000014649d60000, 0x000001464a0c0000, 0x0000014651290000]
CodeHeap 'profiled nmethods': size=120000Kb used=14147Kb max_used=14147Kb free=105852Kb
 bounds [0x0000014642830000, 0x0000014643610000, 0x0000014649d60000]
CodeHeap 'non-nmethods': size=5760Kb used=1356Kb max_used=1443Kb free=4403Kb
 bounds [0x0000014642290000, 0x0000014642500000, 0x0000014642830000]
 total_blobs=7990 nmethods=7305 adapters=596
 compilation: enabled
              stopped_count=0, restarted_count=0
 full_count=0

Compilation events (20 events):
Event: 33.045 Thread 0x0000014659433100 8224       2       nonapi.io.github.classgraph.utils.CollectionUtils::$jacocoInit (52 bytes)
Event: 33.045 Thread 0x0000014659433100 nmethod 8224 0x00000146435eac10 code [0x00000146435eade0, 0x00000146435eb2d8]
Event: 33.045 Thread 0x0000014659433100 8225       2       nonapi.io.github.classgraph.utils.CollectionUtils::sortCopy (57 bytes)
Event: 33.046 Thread 0x0000014659433100 nmethod 8225 0x00000146435eb490 code [0x00000146435eb660, 0x00000146435eb8e8]
Event: 33.046 Thread 0x0000014659433100 8226       2       io.github.classgraph.Scanner::findClasspathOrderRec (144 bytes)
Event: 33.046 Thread 0x0000014659433100 nmethod 8226 0x00000146435eba90 code [0x00000146435ebcc0, 0x00000146435ec178]
Event: 33.046 Thread 0x0000014659433100 8227       2       io.github.classgraph.ClasspathElementZip::toString (15 bytes)
Event: 33.047 Thread 0x0000014659433100 nmethod 8227 0x00000146435ec510 code [0x00000146435ec6c0, 0x00000146435ec838]
Event: 33.051 Thread 0x0000014659433100 8230       2       jdk.internal.misc.Unsafe::getAndBitwiseAndInt (27 bytes)
Event: 33.052 Thread 0x0000014659433100 nmethod 8230 0x00000146435ec990 code [0x00000146435ecb40, 0x00000146435ecd28]
Event: 33.056 Thread 0x0000014659433100 8231       2       java.util.concurrent.locks.LockSupport::setCurrentBlocker (14 bytes)
Event: 33.067 Thread 0x0000014659433100 nmethod 8231 0x00000146435ece10 code [0x00000146435ecfa0, 0x00000146435ed0c8]
Event: 33.069 Thread 0x0000014659433100 8234       2       io.github.classgraph.Scanner$4::processWorkUnit (21 bytes)
Event: 33.070 Thread 0x0000014659433100 nmethod 8234 0x00000146435ed190 code [0x00000146435ed340, 0x00000146435ed518]
Event: 33.070 Thread 0x0000014659433100 8232       2       java.util.concurrent.locks.AbstractQueuedSynchronizer$Node::getAndUnsetStatus (14 bytes)
Event: 33.071 Thread 0x0000014659433100 nmethod 8232 0x00000146435ed690 code [0x00000146435ed840, 0x00000146435eda48]
Event: 33.082 Thread 0x0000014659433100 8235       2       io.github.classgraph.ClasspathElement::finishScanPaths (232 bytes)
Event: 33.083 Thread 0x0000014659433100 nmethod 8235 0x00000146435edb10 code [0x00000146435edd60, 0x00000146435ee3a8]
Event: 33.103 Thread 0x0000014659433100 8236       2       io.github.classgraph.ClasspathElementZip::getFile (113 bytes)
Event: 33.103 Thread 0x0000014659433100 nmethod 8236 0x00000146435ee810 code [0x00000146435eea20, 0x00000146435eef18]

GC Heap History (20 events):
Event: 26.434 GC heap before
{Heap before GC invocations=38 (full 0):
 garbage-first heap   total 98304K, used 81674K [0x0000000082800000, 0x0000000100000000)
  region size 1024K, 51 young (52224K), 5 survivors (5120K)
 Metaspace       used 76983K, committed 77376K, reserved 1122304K
  class space    used 9090K, committed 9280K, reserved 1048576K
}
Event: 26.441 GC heap after
{Heap after GC invocations=39 (full 0):
 garbage-first heap   total 98304K, used 33481K [0x0000000082800000, 0x0000000100000000)
  region size 1024K, 3 young (3072K), 3 survivors (3072K)
 Metaspace       used 76983K, committed 77376K, reserved 1122304K
  class space    used 9090K, committed 9280K, reserved 1048576K
}
Event: 27.700 GC heap before
{Heap before GC invocations=39 (full 0):
 garbage-first heap   total 98304K, used 82633K [0x0000000082800000, 0x0000000100000000)
  region size 1024K, 51 young (52224K), 3 survivors (3072K)
 Metaspace       used 79460K, committed 79872K, reserved 1122304K
  class space    used 9408K, committed 9600K, reserved 1048576K
}
Event: 27.707 GC heap after
{Heap after GC invocations=40 (full 0):
 garbage-first heap   total 98304K, used 34036K [0x0000000082800000, 0x0000000100000000)
  region size 1024K, 4 young (4096K), 4 survivors (4096K)
 Metaspace       used 79460K, committed 79872K, reserved 1122304K
  class space    used 9408K, committed 9600K, reserved 1048576K
}
Event: 28.521 GC heap before
{Heap before GC invocations=40 (full 0):
 garbage-first heap   total 98304K, used 82164K [0x0000000082800000, 0x0000000100000000)
  region size 1024K, 51 young (52224K), 4 survivors (4096K)
 Metaspace       used 81810K, committed 82304K, reserved 1122304K
  class space    used 9648K, committed 9856K, reserved 1048576K
}
Event: 28.530 GC heap after
{Heap after GC invocations=41 (full 0):
 garbage-first heap   total 98304K, used 35393K [0x0000000082800000, 0x0000000100000000)
  region size 1024K, 5 young (5120K), 5 survivors (5120K)
 Metaspace       used 81810K, committed 82304K, reserved 1122304K
  class space    used 9648K, committed 9856K, reserved 1048576K
}
Event: 29.304 GC heap before
{Heap before GC invocations=41 (full 0):
 garbage-first heap   total 98304K, used 81473K [0x0000000082800000, 0x0000000100000000)
  region size 1024K, 50 young (51200K), 5 survivors (5120K)
 Metaspace       used 84180K, committed 84672K, reserved 1130496K
  class space    used 9932K, committed 10176K, reserved 1048576K
}
Event: 29.314 GC heap after
{Heap after GC invocations=42 (full 0):
 garbage-first heap   total 98304K, used 36499K [0x0000000082800000, 0x0000000100000000)
  region size 1024K, 5 young (5120K), 5 survivors (5120K)
 Metaspace       used 84180K, committed 84672K, reserved 1130496K
  class space    used 9932K, committed 10176K, reserved 1048576K
}
Event: 30.066 GC heap before
{Heap before GC invocations=42 (full 0):
 garbage-first heap   total 98304K, used 81555K [0x0000000082800000, 0x0000000100000000)
  region size 1024K, 49 young (50176K), 5 survivors (5120K)
 Metaspace       used 85951K, committed 86400K, reserved 1130496K
  class space    used 10140K, committed 10368K, reserved 1048576K
}
Event: 30.077 GC heap after
{Heap after GC invocations=43 (full 0):
 garbage-first heap   total 98304K, used 37545K [0x0000000082800000, 0x0000000100000000)
  region size 1024K, 5 young (5120K), 5 survivors (5120K)
 Metaspace       used 85951K, committed 86400K, reserved 1130496K
  class space    used 10140K, committed 10368K, reserved 1048576K
}
Event: 30.867 GC heap before
{Heap before GC invocations=43 (full 0):
 garbage-first heap   total 98304K, used 81577K [0x0000000082800000, 0x0000000100000000)
  region size 1024K, 48 young (49152K), 5 survivors (5120K)
 Metaspace       used 87808K, committed 88192K, reserved 1130496K
  class space    used 10370K, committed 10560K, reserved 1048576K
}
Event: 30.877 GC heap after
{Heap after GC invocations=44 (full 0):
 garbage-first heap   total 118784K, used 38738K [0x0000000082800000, 0x0000000100000000)
  region size 1024K, 4 young (4096K), 4 survivors (4096K)
 Metaspace       used 87808K, committed 88192K, reserved 1130496K
  class space    used 10370K, committed 10560K, reserved 1048576K
}
Event: 31.931 GC heap before
{Heap before GC invocations=44 (full 0):
 garbage-first heap   total 118784K, used 100178K [0x0000000082800000, 0x0000000100000000)
  region size 1024K, 63 young (64512K), 4 survivors (4096K)
 Metaspace       used 89665K, committed 90240K, reserved 1130496K
  class space    used 10538K, committed 10816K, reserved 1048576K
}
Event: 31.946 GC heap after
{Heap after GC invocations=45 (full 0):
 garbage-first heap   total 118784K, used 43594K [0x0000000082800000, 0x0000000100000000)
  region size 1024K, 8 young (8192K), 8 survivors (8192K)
 Metaspace       used 89665K, committed 90240K, reserved 1130496K
  class space    used 10538K, committed 10816K, reserved 1048576K
}
Event: 32.414 GC heap before
{Heap before GC invocations=45 (full 0):
 garbage-first heap   total 118784K, used 95818K [0x0000000082800000, 0x0000000100000000)
  region size 1024K, 60 young (61440K), 8 survivors (8192K)
 Metaspace       used 89872K, committed 90432K, reserved 1130496K
  class space    used 10548K, committed 10816K, reserved 1048576K
}
Event: 32.442 GC heap after
{Heap after GC invocations=46 (full 0):
 garbage-first heap   total 119808K, used 55936K [0x0000000082800000, 0x0000000100000000)
  region size 1024K, 8 young (8192K), 8 survivors (8192K)
 Metaspace       used 89872K, committed 90432K, reserved 1130496K
  class space    used 10548K, committed 10816K, reserved 1048576K
}
Event: 32.920 GC heap before
{Heap before GC invocations=46 (full 0):
 garbage-first heap   total 119808K, used 90752K [0x0000000082800000, 0x0000000100000000)
  region size 1024K, 42 young (43008K), 8 survivors (8192K)
 Metaspace       used 90012K, committed 90496K, reserved 1130496K
  class space    used 10553K, committed 10816K, reserved 1048576K
}
Event: 32.934 GC heap after
{Heap after GC invocations=47 (full 0):
 garbage-first heap   total 119808K, used 62308K [0x0000000082800000, 0x0000000100000000)
  region size 1024K, 6 young (6144K), 6 survivors (6144K)
 Metaspace       used 90012K, committed 90496K, reserved 1130496K
  class space    used 10553K, committed 10816K, reserved 1048576K
}
Event: 33.084 GC heap before
{Heap before GC invocations=47 (full 0):
 garbage-first heap   total 119808K, used 89956K [0x0000000082800000, 0x0000000100000000)
  region size 1024K, 34 young (34816K), 6 survivors (6144K)
 Metaspace       used 90024K, committed 90560K, reserved 1130496K
  class space    used 10553K, committed 10816K, reserved 1048576K
}
Event: 33.102 GC heap after
{Heap after GC invocations=48 (full 0):
 garbage-first heap   total 148480K, used 71006K [0x0000000082800000, 0x0000000100000000)
  region size 1024K, 5 young (5120K), 5 survivors (5120K)
 Metaspace       used 90024K, committed 90560K, reserved 1130496K
  class space    used 10553K, committed 10816K, reserved 1048576K
}

Deoptimization events (20 events):
Event: 33.074 Thread 0x000001465c586a70 DEOPT UNPACKING pc=0x00000146422e2b43 sp=0x0000003b817fdd70 mode 0
Event: 33.074 Thread 0x000001465c5c7a90 DEOPT UNPACKING pc=0x00000146422e2b43 sp=0x0000003b816fdc80 mode 0
Event: 33.075 Thread 0x000001465c5895c0 DEOPT PACKING pc=0x00000146434a23ba sp=0x0000003b823fed50
Event: 33.075 Thread 0x000001465c5895c0 DEOPT UNPACKING pc=0x00000146422e2b43 sp=0x0000003b823fe260 mode 0
Event: 33.078 Thread 0x000001465c586f40 DEOPT PACKING pc=0x00000146434a23ba sp=0x0000003b821fe780
Event: 33.078 Thread 0x000001465c586f40 DEOPT UNPACKING pc=0x00000146422e2b43 sp=0x0000003b821fdc90 mode 0
Event: 33.079 Thread 0x000001465c586f40 DEOPT PACKING pc=0x00000146434a23db sp=0x0000003b821fe780
Event: 33.079 Thread 0x000001465c586f40 DEOPT UNPACKING pc=0x00000146422e2b43 sp=0x0000003b821fdc90 mode 0
Event: 33.081 Thread 0x000001465c586a70 DEOPT PACKING pc=0x00000146434a23db sp=0x0000003b817fe830
Event: 33.081 Thread 0x000001465c586a70 DEOPT UNPACKING pc=0x00000146422e2b43 sp=0x0000003b817fdd40 mode 0
Event: 33.082 Thread 0x000001465c589a90 DEOPT PACKING pc=0x00000146434a23db sp=0x0000003b822fe9d0
Event: 33.082 Thread 0x000001465c5895c0 DEOPT PACKING pc=0x00000146434a23db sp=0x0000003b823fed50
Event: 33.082 Thread 0x000001465c589a90 DEOPT UNPACKING pc=0x00000146422e2b43 sp=0x0000003b822fdee0 mode 0
Event: 33.082 Thread 0x000001465c5895c0 DEOPT UNPACKING pc=0x00000146422e2b43 sp=0x0000003b823fe260 mode 0
Event: 33.083 Thread 0x000001465c58a430 DEOPT PACKING pc=0x00000146434a23ba sp=0x0000003b818fee90
Event: 33.083 Thread 0x000001465c58a430 DEOPT UNPACKING pc=0x00000146422e2b43 sp=0x0000003b818fe3a0 mode 0
Event: 33.083 Thread 0x000001465c5830b0 DEOPT PACKING pc=0x00000146434a23db sp=0x0000003b819feeb0
Event: 33.083 Thread 0x000001465c5830b0 DEOPT UNPACKING pc=0x00000146422e2b43 sp=0x0000003b819fe3c0 mode 0
Event: 33.104 Thread 0x000001465c5c7a90 DEOPT PACKING pc=0x00000146434a23db sp=0x0000003b816fe740
Event: 33.104 Thread 0x000001465c5c7a90 DEOPT UNPACKING pc=0x00000146422e2b43 sp=0x0000003b816fdc50 mode 0

Classes unloaded (1 events):
Event: 21.551 Thread 0x0000014658ad3d10 Unloading class 0x00000001005b4000 'net/bytebuddy/mirror/AccessibleObject'

Classes redefined (0 events):
No events

Internal exceptions (20 events):
Event: 33.029 Thread 0x000001465c5865a0 Exception <a 'sun/nio/fs/WindowsException'{0x0000000088a9c920}> (0x0000000088a9c920) 
thrown [e:\jenkins\tmp\workspace\build\src\src\hotspot\share\prims\jni.cpp, line 516]
Event: 33.029 Thread 0x000001465c5c7a90 Exception <a 'sun/nio/fs/WindowsException'{0x0000000088bb7368}> (0x0000000088bb7368) 
thrown [e:\jenkins\tmp\workspace\build\src\src\hotspot\share\prims\jni.cpp, line 516]
Event: 33.030 Thread 0x000001465c5865a0 Exception <a 'sun/nio/fs/WindowsException'{0x0000000088a9d378}> (0x0000000088a9d378) 
thrown [e:\jenkins\tmp\workspace\build\src\src\hotspot\share\prims\jni.cpp, line 516]
Event: 33.030 Thread 0x000001465c5c7a90 Exception <a 'sun/nio/fs/WindowsException'{0x0000000088bb7da0}> (0x0000000088bb7da0) 
thrown [e:\jenkins\tmp\workspace\build\src\src\hotspot\share\prims\jni.cpp, line 516]
Event: 33.030 Thread 0x000001465c5865a0 Exception <a 'sun/nio/fs/WindowsException'{0x0000000088a9d790}> (0x0000000088a9d790) 
thrown [e:\jenkins\tmp\workspace\build\src\src\hotspot\share\prims\jni.cpp, line 516]
Event: 33.030 Thread 0x000001465c5c7a90 Exception <a 'sun/nio/fs/WindowsException'{0x0000000088bb8190}> (0x0000000088bb8190) 
thrown [e:\jenkins\tmp\workspace\build\src\src\hotspot\share\prims\jni.cpp, line 516]
Event: 33.030 Thread 0x000001465c5865a0 Exception <a 'sun/nio/fs/WindowsException'{0x0000000088a9e1f8}> (0x0000000088a9e1f8) 
thrown [e:\jenkins\tmp\workspace\build\src\src\hotspot\share\prims\jni.cpp, line 516]
Event: 33.030 Thread 0x000001465c5865a0 Exception <a 'sun/nio/fs/WindowsException'{0x0000000088a9e628}> (0x0000000088a9e628) 
thrown [e:\jenkins\tmp\workspace\build\src\src\hotspot\share\prims\jni.cpp, line 516]
Event: 33.030 Thread 0x000001465c5c7a90 Exception <a 'sun/nio/fs/WindowsException'{0x0000000088bb8bc0}> (0x0000000088bb8bc0) 
thrown [e:\jenkins\tmp\workspace\build\src\src\hotspot\share\prims\jni.cpp, line 516]
Event: 33.030 Thread 0x000001465c5865a0 Exception <a 'sun/nio/fs/WindowsException'{0x0000000088a9f088}> (0x0000000088a9f088) 
thrown [e:\jenkins\tmp\workspace\build\src\src\hotspot\share\prims\jni.cpp, line 516]
Event: 33.030 Thread 0x000001465c5c7a90 Exception <a 'sun/nio/fs/WindowsException'{0x0000000088bb8fa8}> (0x0000000088bb8fa8) 
thrown [e:\jenkins\tmp\workspace\build\src\src\hotspot\share\prims\jni.cpp, line 516]
Event: 33.030 Thread 0x000001465c5865a0 Exception <a 'sun/nio/fs/WindowsException'{0x0000000088a9f4a8}> (0x0000000088a9f4a8) 
thrown [e:\jenkins\tmp\workspace\build\src\src\hotspot\share\prims\jni.cpp, line 516]
Event: 33.039 Thread 0x000001465c5c7a90 Exception <a 'sun/nio/fs/WindowsException'{0x0000000088bb99e0}> (0x0000000088bb99e0) 
thrown [e:\jenkins\tmp\workspace\build\src\src\hotspot\share\prims\jni.cpp, line 516]
Event: 33.040 Thread 0x000001465c5c7a90 Exception <a 'sun/nio/fs/WindowsException'{0x0000000088bb9dd0}> (0x0000000088bb9dd0) 
thrown [e:\jenkins\tmp\workspace\build\src\src\hotspot\share\prims\jni.cpp, line 516]
Event: 33.040 Thread 0x000001465c5c7a90 Exception <a 'sun/nio/fs/WindowsException'{0x0000000088bba828}> (0x0000000088bba828) 
thrown [e:\jenkins\tmp\workspace\build\src\src\hotspot\share\prims\jni.cpp, line 516]
Event: 33.040 Thread 0x000001465c5c7a90 Exception <a 'sun/nio/fs/WindowsException'{0x0000000088bbac40}> (0x0000000088bbac40) 
thrown [e:\jenkins\tmp\workspace\build\src\src\hotspot\share\prims\jni.cpp, line 516]
Event: 33.040 Thread 0x000001465c5c7a90 Exception <a 'sun/nio/fs/WindowsException'{0x0000000088bbb6a8}> (0x0000000088bbb6a8) 
thrown [e:\jenkins\tmp\workspace\build\src\src\hotspot\share\prims\jni.cpp, line 516]
Event: 33.040 Thread 0x000001465c5c7a90 Exception <a 'sun/nio/fs/WindowsException'{0x0000000088bbbad8}> (0x0000000088bbbad8) 
thrown [e:\jenkins\tmp\workspace\build\src\src\hotspot\share\prims\jni.cpp, line 516]
Event: 33.041 Thread 0x000001465c5c7a90 Exception <a 'sun/nio/fs/WindowsException'{0x0000000088bbc538}> (0x0000000088bbc538) 
thrown [e:\jenkins\tmp\workspace\build\src\src\hotspot\share\prims\jni.cpp, line 516]
Event: 33.041 Thread 0x000001465c5c7a90 Exception <a 'sun/nio/fs/WindowsException'{0x0000000088bbc958}> (0x0000000088bbc958) 
thrown [e:\jenkins\tmp\workspace\build\src\src\hotspot\share\prims\jni.cpp, line 516]

VM Operations (20 events):
Event: 33.009 Executing VM operation: ICBufferFull done
Event: 33.009 Executing VM operation: ICBufferFull
Event: 33.010 Executing VM operation: ICBufferFull done
Event: 33.014 Executing VM operation: ICBufferFull
Event: 33.014 Executing VM operation: ICBufferFull done
Event: 33.016 Executing VM operation: ICBufferFull
Event: 33.016 Executing VM operation: ICBufferFull done
Event: 33.019 Executing VM operation: ICBufferFull
Event: 33.019 Executing VM operation: ICBufferFull done
Event: 33.019 Executing VM operation: ICBufferFull
Event: 33.020 Executing VM operation: ICBufferFull done
Event: 33.023 Executing VM operation: ICBufferFull
Event: 33.023 Executing VM operation: ICBufferFull done
Event: 33.030 Executing VM operation: ICBufferFull
Event: 33.031 Executing VM operation: ICBufferFull done
Event: 33.035 Executing VM operation: ICBufferFull
Event: 33.035 Executing VM operation: ICBufferFull done
Event: 33.052 Executing VM operation: ICBufferFull
Event: 33.065 Executing VM operation: ICBufferFull done
Event: 33.084 Executing VM operation: G1CollectForAllocation

Events (20 events):
Event: 32.449 Thread 0x000001465c5895c0 Thread exited: 0x000001465c5895c0
Event: 32.449 Thread 0x000001465c589f60 Thread exited: 0x000001465c589f60
Event: 32.449 Thread 0x000001465c5830b0 Thread exited: 0x000001465c5830b0
Event: 32.450 Thread 0x000001465c5c7a90 Thread exited: 0x000001465c5c7a90
Event: 32.452 loading class java/io/RandomAccessFile$1
Event: 32.452 loading class java/io/RandomAccessFile$1 done
Event: 32.693 Thread 0x000001465c5c7a90 Thread added: 0x000001465c5c7a90
Event: 32.693 Thread 0x000001465c586a70 Thread added: 0x000001465c586a70
Event: 32.694 Thread 0x000001465c58a430 Thread added: 0x000001465c58a430
Event: 32.694 Thread 0x000001465c5830b0 Thread added: 0x000001465c5830b0
Event: 32.694 Thread 0x000001465c588280 Thread added: 0x000001465c588280
Event: 32.694 Thread 0x000001465c58a900 Thread added: 0x000001465c58a900
Event: 32.694 Thread 0x000001465c583580 Thread added: 0x000001465c583580
Event: 32.694 Thread 0x000001465c583a50 Thread added: 0x000001465c583a50
Event: 32.694 Thread 0x000001465c585c00 Thread added: 0x000001465c585c00
Event: 32.694 Thread 0x000001465c5890f0 Thread added: 0x000001465c5890f0
Event: 32.695 Thread 0x000001465c5865a0 Thread added: 0x000001465c5865a0
Event: 32.695 Thread 0x000001465c586f40 Thread added: 0x000001465c586f40
Event: 32.695 Thread 0x000001465c589a90 Thread added: 0x000001465c589a90
Event: 32.695 Thread 0x000001465c5895c0 Thread added: 0x000001465c5895c0


Dynamic libraries:
0x00007ff6dc9e0000 - 0x00007ff6dc9ee000 	C:\Users\2107301\Downloads\eclipse-jee-2021-12-R-win32-x86_64\eclipse\plugins\org.eclipse.justj.openjdk.hotspot.jre.full.win32.x86_64_17.0.1.v20211116-1657\jre\bin\javaw.exe
0x00007ffcfeac0000 - 0x00007ffcfecc9000 	C:\WINDOWS\SYSTEM32\ntdll.dll
0x00007ffcfc930000 - 0x00007ffcfc9ee000 	C:\WINDOWS\System32\KERNEL32.DLL
0x00007ffcfc3c0000 - 0x00007ffcfc744000 	C:\WINDOWS\System32\KERNELBASE.dll
0x00007ffcfbf70000 - 0x00007ffcfc081000 	C:\WINDOWS\System32\ucrtbase.dll
0x00007ffcf2880000 - 0x00007ffcf2898000 	C:\Users\2107301\Downloads\eclipse-jee-2021-12-R-win32-x86_64\eclipse\plugins\org.eclipse.justj.openjdk.hotspot.jre.full.win32.x86_64_17.0.1.v20211116-1657\jre\bin\jli.dll
0x00007ffcfe8d0000 - 0x00007ffcfea7d000 	C:\WINDOWS\System32\USER32.dll
0x00007ffcfc270000 - 0x00007ffcfc296000 	C:\WINDOWS\System32\win32u.dll
0x00007ffcfe580000 - 0x00007ffcfe5aa000 	C:\WINDOWS\System32\GDI32.dll
0x00007ffcfc810000 - 0x00007ffcfc92f000 	C:\WINDOWS\System32\gdi32full.dll
0x00007ffcfc2a0000 - 0x00007ffcfc33d000 	C:\WINDOWS\System32\msvcp_win.dll
0x00007ffcdd460000 - 0x00007ffcdd705000 	C:\WINDOWS\WinSxS\amd64_microsoft.windows.common-controls_6595b64144ccf1df_6.0.22000.120_none_9d947278b86cc467\COMCTL32.dll
0x00007ffcfe1f0000 - 0x00007ffcfe293000 	C:\WINDOWS\System32\msvcrt.dll
0x00007ffce3160000 - 0x00007ffce3179000 	C:\Users\2107301\Downloads\eclipse-jee-2021-12-R-win32-x86_64\eclipse\plugins\org.eclipse.justj.openjdk.hotspot.jre.full.win32.x86_64_17.0.1.v20211116-1657\jre\bin\VCRUNTIME140.dll
0x00007ffcfe1b0000 - 0x00007ffcfe1e1000 	C:\WINDOWS\System32\IMM32.DLL
0x00007ffcfa860000 - 0x00007ffcfa970000 	C:\Program Files\Avecto\Privilege Guard Client\PGHook.dll
0x00007ffcfcbd0000 - 0x00007ffcfcc7f000 	C:\WINDOWS\System32\ADVAPI32.dll
0x00007ffcfcc80000 - 0x00007ffcfcd1e000 	C:\WINDOWS\System32\sechost.dll
0x00007ffcfe080000 - 0x00007ffcfe1a1000 	C:\WINDOWS\System32\RPCRT4.dll
0x00007ffcf27b0000 - 0x00007ffcf27bc000 	C:\Users\2107301\Downloads\eclipse-jee-2021-12-R-win32-x86_64\eclipse\plugins\org.eclipse.justj.openjdk.hotspot.jre.full.win32.x86_64_17.0.1.v20211116-1657\jre\bin\vcruntime140_1.dll
0x00007ffccc5e0000 - 0x00007ffccc671000 	C:\Users\2107301\Downloads\eclipse-jee-2021-12-R-win32-x86_64\eclipse\plugins\org.eclipse.justj.openjdk.hotspot.jre.full.win32.x86_64_17.0.1.v20211116-1657\jre\bin\msvcp140.dll
0x00007ffc54ab0000 - 0x00007ffc556f6000 	C:\Users\2107301\Downloads\eclipse-jee-2021-12-R-win32-x86_64\eclipse\plugins\org.eclipse.justj.openjdk.hotspot.jre.full.win32.x86_64_17.0.1.v20211116-1657\jre\bin\server\jvm.dll
0x00007ffcfcd80000 - 0x00007ffcfcd88000 	C:\WINDOWS\System32\PSAPI.DLL
0x00007ffcdd450000 - 0x00007ffcdd459000 	C:\WINDOWS\SYSTEM32\WSOCK32.dll
0x00007ffcfe510000 - 0x00007ffcfe57f000 	C:\WINDOWS\System32\WS2_32.dll
0x00007ffcf2610000 - 0x00007ffcf2643000 	C:\WINDOWS\SYSTEM32\WINMM.dll
0x00007ffcee5e0000 - 0x00007ffcee5ea000 	C:\WINDOWS\SYSTEM32\VERSION.dll
0x00007ffcfaf80000 - 0x00007ffcfaf98000 	C:\WINDOWS\SYSTEM32\kernel.appcore.dll
0x00007ffcf77c0000 - 0x00007ffcf77ca000 	C:\Users\2107301\Downloads\eclipse-jee-2021-12-R-win32-x86_64\eclipse\plugins\org.eclipse.justj.openjdk.hotspot.jre.full.win32.x86_64_17.0.1.v20211116-1657\jre\bin\jimage.dll
0x00007ffcf9750000 - 0x00007ffcf9971000 	C:\WINDOWS\SYSTEM32\DBGHELP.DLL
0x00007ffce0680000 - 0x00007ffce06b1000 	C:\WINDOWS\SYSTEM32\dbgcore.DLL
0x00007ffcfc340000 - 0x00007ffcfc3bf000 	C:\WINDOWS\System32\bcryptPrimitives.dll
0x00007ffcf64f0000 - 0x00007ffcf64fe000 	C:\Users\2107301\Downloads\eclipse-jee-2021-12-R-win32-x86_64\eclipse\plugins\org.eclipse.justj.openjdk.hotspot.jre.full.win32.x86_64_17.0.1.v20211116-1657\jre\bin\instrument.dll
0x00007ffce5ee0000 - 0x00007ffce5f05000 	C:\Users\2107301\Downloads\eclipse-jee-2021-12-R-win32-x86_64\eclipse\plugins\org.eclipse.justj.openjdk.hotspot.jre.full.win32.x86_64_17.0.1.v20211116-1657\jre\bin\java.dll
0x00007ffce71a0000 - 0x00007ffce71b8000 	C:\Users\2107301\Downloads\eclipse-jee-2021-12-R-win32-x86_64\eclipse\plugins\org.eclipse.justj.openjdk.hotspot.jre.full.win32.x86_64_17.0.1.v20211116-1657\jre\bin\zip.dll
0x00007ffcfd470000 - 0x00007ffcfdc35000 	C:\WINDOWS\System32\SHELL32.dll
0x00007ffcf9d70000 - 0x00007ffcfa5d4000 	C:\WINDOWS\SYSTEM32\windows.storage.dll
0x00007ffcfdc40000 - 0x00007ffcfdfb6000 	C:\WINDOWS\System32\combase.dll
0x00007ffcf9c00000 - 0x00007ffcf9d67000 	C:\WINDOWS\SYSTEM32\wintypes.dll
0x00007ffcfce80000 - 0x00007ffcfcf6a000 	C:\WINDOWS\System32\SHCORE.dll
0x00007ffcfe310000 - 0x00007ffcfe36d000 	C:\WINDOWS\System32\shlwapi.dll
0x00007ffcfbea0000 - 0x00007ffcfbec1000 	C:\WINDOWS\SYSTEM32\profapi.dll
0x00007ffce6ef0000 - 0x00007ffce6f09000 	C:\Users\2107301\Downloads\eclipse-jee-2021-12-R-win32-x86_64\eclipse\plugins\org.eclipse.justj.openjdk.hotspot.jre.full.win32.x86_64_17.0.1.v20211116-1657\jre\bin\net.dll
0x00007ffcfafa0000 - 0x00007ffcfb0b3000 	C:\WINDOWS\SYSTEM32\WINHTTP.dll
0x00007ffcfb530000 - 0x00007ffcfb597000 	C:\WINDOWS\system32\mswsock.dll
0x00007ffce6de0000 - 0x00007ffce6df5000 	C:\Users\2107301\Downloads\eclipse-jee-2021-12-R-win32-x86_64\eclipse\plugins\org.eclipse.justj.openjdk.hotspot.jre.full.win32.x86_64_17.0.1.v20211116-1657\jre\bin\nio.dll
0x00007ffcf4b60000 - 0x00007ffcf4b70000 	C:\Users\2107301\Downloads\eclipse-jee-2021-12-R-win32-x86_64\eclipse\plugins\org.eclipse.justj.openjdk.hotspot.jre.full.win32.x86_64_17.0.1.v20211116-1657\jre\bin\verify.dll
0x00007ffce8ae0000 - 0x00007ffce8af7000 	C:\WINDOWS\system32\napinsp.dll
0x00007ffce88d0000 - 0x00007ffce88eb000 	C:\WINDOWS\system32\pnrpnsp.dll
0x00007ffcfaa40000 - 0x00007ffcfab28000 	C:\WINDOWS\SYSTEM32\DNSAPI.dll
0x00007ffcfaa10000 - 0x00007ffcfaa3d000 	C:\WINDOWS\SYSTEM32\IPHLPAPI.DLL
0x00007ffcfe060000 - 0x00007ffcfe069000 	C:\WINDOWS\System32\NSI.dll
0x00007ffce8840000 - 0x00007ffce8852000 	C:\WINDOWS\System32\winrnr.dll
0x00007ffcf0900000 - 0x00007ffcf0915000 	C:\WINDOWS\system32\wshbth.dll
0x00007ffce8820000 - 0x00007ffce883f000 	C:\WINDOWS\system32\nlansp_c.dll
0x00007ffce8810000 - 0x00007ffce881a000 	C:\Windows\System32\rasadhlp.dll
0x00007ffcedb60000 - 0x00007ffcedbe2000 	C:\WINDOWS\System32\fwpuclnt.dll
0x00007ffcf20b0000 - 0x00007ffcf20c9000 	C:\WINDOWS\SYSTEM32\dhcpcsvc6.DLL
0x00007ffcf21d0000 - 0x00007ffcf21ee000 	C:\WINDOWS\SYSTEM32\dhcpcsvc.DLL
0x00007ffcfb800000 - 0x00007ffcfb818000 	C:\WINDOWS\SYSTEM32\CRYPTSP.dll
0x00007ffcfaee0000 - 0x00007ffcfaf15000 	C:\WINDOWS\system32\rsaenh.dll
0x00007ffcfb5d0000 - 0x00007ffcfb5f9000 	C:\WINDOWS\SYSTEM32\USERENV.dll
0x00007ffcfb950000 - 0x00007ffcfb977000 	C:\WINDOWS\SYSTEM32\bcrypt.dll
0x00007ffcfb720000 - 0x00007ffcfb72c000 	C:\WINDOWS\SYSTEM32\CRYPTBASE.dll
0x00007ffcf08f0000 - 0x00007ffcf08fe000 	C:\Users\2107301\Downloads\eclipse-jee-2021-12-R-win32-x86_64\eclipse\plugins\org.eclipse.justj.openjdk.hotspot.jre.full.win32.x86_64_17.0.1.v20211116-1657\jre\bin\sunmscapi.dll
0x00007ffcfc090000 - 0x00007ffcfc1fa000 	C:\WINDOWS\System32\CRYPT32.dll
0x00007ffcfb920000 - 0x00007ffcfb94a000 	C:\WINDOWS\SYSTEM32\ncrypt.dll
0x00007ffcfb8e0000 - 0x00007ffcfb917000 	C:\WINDOWS\SYSTEM32\NTASN1.dll

dbghelp: loaded successfully - version: 4.0.5 - missing functions: none
symbol engine: initialized successfully - sym options: 0x614 - pdb path: .;C:\Users\2107301\Downloads\eclipse-jee-2021-12-R-win32-x86_64\eclipse\plugins\org.eclipse.justj.openjdk.hotspot.jre.full.win32.x86_64_17.0.1.v20211116-1657\jre\bin;C:\WINDOWS\SYSTEM32;C:\WINDOWS\WinSxS\amd64_microsoft.windows.common-controls_6595b64144ccf1df_6.0.22000.120_none_9d947278b86cc467;C:\Program Files\Avecto\Privilege Guard Client;C:\Users\2107301\Downloads\eclipse-jee-2021-12-R-win32-x86_64\eclipse\plugins\org.eclipse.justj.openjdk.hotspot.jre.full.win32.x86_64_17.0.1.v20211116-1657\jre\bin\server

VM Arguments:
jvm_args: -javaagent:C:\Users\2107301\Downloads\eclipse-jee-2021-12-R-win32-x86_64\eclipse\configuration\org.eclipse.osgi\908\0\.cp\jacocoagent.jar=includes=*,excludes=,exclclassloader=sun.reflect.DelegatingClassLoader,output=tcpclient,port=63374 -ea -Dfile.encoding=UTF-8 -XX:+ShowCodeDetailsInExceptionMessages 
java_command: org.eclipse.jdt.internal.junit.runner.RemoteTestRunner -version 3 -port 63375 -testLoaderClass org.eclipse.jdt.internal.junit5.runner.JUnit5TestLoader -loaderpluginname org.eclipse.jdt.junit5.runtime -classNames com.cognizant.moviebookingapp.MoviebookingappMicroserviceApplicationTests
java_class_path (initial): C:\Users\2107301\Downloads\mtb-movie-backend-main\mtb-movie-backend-main\moviebookingapp-microservice\target\test-classes;C:\Users\2107301\Downloads\mtb-movie-backend-main\mtb-movie-backend-main\moviebookingapp-microservice\target\classes;C:\Users\2107301\Downloads\eclipse-jee-2021-12-R-win32-x86_64\eclipse\plugins\org.junit_4.13.2.v20211018-1956.jar;C:\Users\2107301\Downloads\eclipse-jee-2021-12-R-win32-x86_64\eclipse\plugins\org.hamcrest.core_1.3.0.v20180420-1519.jar;C:\Users\2107301\.m2\repository\org\springframework\boot\spring-boot-starter-actuator\3.0.6\spring-boot-starter-actuator-3.0.6.jar;C:\Users\2107301\.m2\repository\org\springframework\boot\spring-boot-starter\3.0.6\spring-boot-starter-3.0.6.jar;C:\Users\2107301\.m2\repository\org\springframework\boot\spring-boot-starter-logging\3.0.6\spring-boot-starter-logging-3.0.6.jar;C:\Users\2107301\.m2\repository\ch\qos\logback\logback-classic\1.4.7\logback-classic-1.4.7.jar;C:\Users\2107301\.m2\repository\ch\qos\logback\logback-core\1.4.7\logback-core-1.4.7.jar;C:\Users\2107301\.m2\repository\org\apache\logging\log4j\log4j-to-slf4j\2.19.0\log4j-to-slf4j-2.19.0.jar;C:\Users\2107301\.m2\repository\org\apache\logging\log4j\log4j-api\2.19.0\log4j-api-2.19.0.jar;C:\Users\2107301\.m2\repository\org\slf4j\jul-to-slf4j\2.0.7\jul-to-slf4j-2.0.7.jar;C:\Users\2107301\.m2\repository\jakarta\annotation\jakarta.annotation-api\2.1.1\jakarta.annotation-api-2.1.1.jar;C:\Users\2107301\.m2\repository\org\yaml\snakeyaml\1.33\snakeyaml-1.33.jar;C:\Users\2107301\.m2\repository\org\springframework\boot\spring-boot-actuator-autoconfigure\3.0.6\spring-boot-actuator-autoconfigure-3.0.6.jar;C:\Users\2107301\.m2\repository\org\springframework\boot\spring-boot-actuator\3.0.6\spring-boot-actuator-3.0.6.jar;C:\Users\2107301\.m2\repository\com\fasterxml\jackson\datatype\jackson-datatype-jsr310\2.14.2\jackson-datatype-jsr310-2.14.2.jar;C:\Users\2107301\.m2\repository\io\micrometer\micrometer-observation\1.10.6\micro
Launcher Type: SUN_STANDARD

[Global flags]
     intx CICompilerCount                          = 4                                         {product} {ergonomic}
     uint ConcGCThreads                            = 2                                         {product} {ergonomic}
     uint G1ConcRefinementThreads                  = 8                                         {product} {ergonomic}
   size_t G1HeapRegionSize                         = 1048576                                   {product} {ergonomic}
    uintx GCDrainStackTargetSize                   = 64                                        {product} {ergonomic}
   size_t InitialHeapSize                          = 132120576                                 {product} {ergonomic}
   size_t MarkStackSize                            = 4194304                                   {product} {ergonomic}
   size_t MaxHeapSize                              = 2105540608                                {product} {ergonomic}
   size_t MaxNewSize                               = 1262485504                                {product} {ergonomic}
   size_t MinHeapDeltaBytes                        = 1048576                                   {product} {ergonomic}
   size_t MinHeapSize                              = 8388608                                   {product} {ergonomic}
    uintx NonNMethodCodeHeapSize                   = 5839372                                {pd product} {ergonomic}
    uintx NonProfiledCodeHeapSize                  = 122909434                              {pd product} {ergonomic}
    uintx ProfiledCodeHeapSize                     = 122909434                              {pd product} {ergonomic}
    uintx ReservedCodeCacheSize                    = 251658240                              {pd product} {ergonomic}
     bool SegmentedCodeCache                       = true                                      {product} {ergonomic}
     bool ShowCodeDetailsInExceptionMessages       = true                                   {manageable} {command line}
   size_t SoftMaxHeapSize                          = 2105540608                             {manageable} {ergonomic}
     bool UseCompressedClassPointers               = true                           {product lp64_product} {ergonomic}
     bool UseCompressedOops                        = true                           {product lp64_product} {ergonomic}
     bool UseG1GC                                  = true                                      {product} {ergonomic}
     bool UseLargePagesIndividualAllocation        = false                                  {pd product} {ergonomic}

Logging:
Log output configuration:
 #0: stdout all=warning uptime,level,tags
 #1: stderr all=off uptime,level,tags

Environment Variables:
JAVA_HOME=C:\Users\2107301\Downloads\jdk-17.0.7
PATH=C:/Users/2107301/Downloads/eclipse-jee-2021-12-R-win32-x86_64/eclipse//plugins/org.eclipse.justj.openjdk.hotspot.jre.full.win32.x86_64_17.0.1.v20211116-1657/jre/bin/server;C:/Users/2107301/Downloads/eclipse-jee-2021-12-R-win32-x86_64/eclipse//plugins/org.eclipse.justj.openjdk.hotspot.jre.full.win32.x86_64_17.0.1.v20211116-1657/jre/bin;C:\Program Files (x86)\Common Files\Oracle\Java\javapath;C:\WINDOWS\system32;C:\WINDOWS;C:\WINDOWS\System32\Wbem;C:\WINDOWS\System32\WindowsPowerShell\v1.0\;C:\WINDOWS\System32\OpenSSH\;C:\Users\2107301\Downloads\jdk-17.0.7\bin;C:\Users\2107301\Downloads\apache-maven-3.8.5-bin\apache-maven-3.8.5\bin;C:\Program Files\Microsoft VS Code\bin;C:\Program Files\nodejs\;C:\Program Files\PuTTY\;C:\Program Files\Git\cmd;C:\Program Files\Docker\Docker\resources\bin;C:\ProgramData\DockerDesktop\version-bin;C:\kafka_2.13-3.2.0\bin\windows;C:\Program Files\Intel\WiFi\bin\;C:\Program Files\Common Files\Intel\WirelessCommon\;C:\Program Files\Amazon\AWSCLIV2\;C:\Program Files\MySQL\MySQL Server 8.0\bin;C:\Program Files\MySQL\MySQL Server 8.0\bin;C:\Users\2107301\AppData\Local\Microsoft\WindowsApps;C:\apache-maven-3.8.5\bin;C:\Users\2107301\Downloads\jdk-17.0.7\bin;C:\Users\2107301\AppData\Roaming\npm;;C:\Users\2107301\Downloads\eclipse-jee-2021-12-R-win32-x86_64\eclipse;
USERNAME=2107301
OS=Windows_NT
PROCESSOR_IDENTIFIER=Intel64 Family 6 Model 142 Stepping 10, GenuineIntel



---------------  S Y S T E M  ---------------

OS:
 Windows 10 , 64 bit Build 22000 (10.0.22000.1880)
OS uptime: 7 days 17:24 hours
Hyper-V role detected

CPU: total 8 (initial active 8) (4 cores per cpu, 2 threads per core) family 6 model 142 stepping 10 microcode 0xec, cx8, cmov, fxsr, ht, mmx, 3dnowpref, sse, sse2, sse3, ssse3, sse4.1, sse4.2, popcnt, lzcnt, tsc, tscinvbit, avx, avx2, aes, erms, clmul, bmi1, bmi2, rtm, adx, fma, vzeroupper, clflush, clflushopt, hv

Memory: 4k page, system-wide physical 8025M (133M free)
TotalPageFile size 24409M (AvailPageFile size 5M)
current process WorkingSet (physical memory assigned to process): 332M, peak: 332M
current process commit charge ("private bytes"): 389M, peak: 391M

vm_info: OpenJDK 64-Bit Server VM (17.0.1+12) for windows-amd64 JRE (17.0.1+12), built on Oct 20 2021 07:42:55 by "" with MS VC++ 16.7 (VS2019)

END.
