#
# There is insufficient memory for the Java Runtime Environment to continue.
# Native memory allocation (mmap) failed to map 133169152 bytes for G1 virtual space
# Possible reasons:
#   The system is out of physical RAM or swap space
#   The process is running with CompressedOops enabled, and the Java Heap may be blocking the growth of the native heap
# Possible solutions:
#   Reduce memory load on the system
#   Increase physical memory or swap space
#   Check if swap backing store is full
#   Decrease Java heap size (-Xmx/-Xms)
#   Decrease number of Java threads
#   Decrease Java thread stack sizes (-Xss)
#   Set larger code cache with -XX:ReservedCodeCacheSize=
#   JVM is running with Unscaled Compressed Oops mode in which the Java heap is
#     placed in the first 4GB address space. The Java Heap base address is the
#     maximum limit for the native heap growth. Please use -XX:HeapBaseMinAddress
#     to set the Java Heap base and to place the Java Heap above 4GB virtual address.
# This output file may be truncated or incomplete.
#
#  Out of Memory Error (os_windows.cpp:3469), pid=44468, tid=49108
#
# JRE version: OpenJDK Runtime Environment Temurin-17.0.1+12 (17.0.1+12) (build 17.0.1+12)
# Java VM: OpenJDK 64-Bit Server VM Temurin-17.0.1+12 (17.0.1+12, mixed mode, tiered, compressed oops, compressed class ptrs, g1 gc, windows-amd64)
# No core dump will be written. Minidumps are not enabled by default on client versions of Windows
#

---------------  S U M M A R Y ------------

Command Line: -javaagent:C:\Users\2107301\Downloads\eclipse-jee-2021-12-R-win32-x86_64\eclipse\configuration\org.eclipse.osgi\908\0\.cp\jacocoagent.jar=includes=*,excludes=,exclclassloader=sun.reflect.DelegatingClassLoader,output=tcpclient,port=53527 -ea -Dfile.encoding=UTF-8 -XX:+ShowCodeDetailsInExceptionMessages org.eclipse.jdt.internal.junit.runner.RemoteTestRunner -version 3 -port 53528 -testLoaderClass org.eclipse.jdt.internal.junit5.runner.JUnit5TestLoader -loaderpluginname org.eclipse.jdt.junit5.runtime -packageNameFile C:\Users\2107301\AppData\Local\Temp\5\packageNames3412326198894178680.txt

Host: Intel(R) Core(TM) i5-8350U CPU @ 1.70GHz, 8 cores, 7G,  Windows 10 , 64 bit Build 22000 (10.0.22000.1880)
Time: Tue Jun 13 13:29:04 2023 India Standard Time elapsed time: 37.545181 seconds (0d 0h 0m 37s)

---------------  T H R E A D  ---------------

Current thread (0x000002a19b7e9960):  VMThread "VM Thread" [stack: 0x000000cb93d00000,0x000000cb93e00000] [id=49108]

Stack: [0x000000cb93d00000,0x000000cb93e00000]
Native frames: (J=compiled Java code, j=interpreted, Vv=VM code, C=native code)
V  [jvm.dll+0x6744da]
V  [jvm.dll+0x82e144]
V  [jvm.dll+0x82f8ee]
V  [jvm.dll+0x82ff53]
V  [jvm.dll+0x245175]
V  [jvm.dll+0x6714c9]
V  [jvm.dll+0x665f92]
V  [jvm.dll+0x303c3b]
V  [jvm.dll+0x30b176]
V  [jvm.dll+0x35af1e]
V  [jvm.dll+0x35b14f]
V  [jvm.dll+0x2dab78]
V  [jvm.dll+0x2d8e2c]
V  [jvm.dll+0x2d83fc]
V  [jvm.dll+0x31c24b]
V  [jvm.dll+0x8343bb]
V  [jvm.dll+0x8350f4]
V  [jvm.dll+0x83560c]
V  [jvm.dll+0x8359e4]
V  [jvm.dll+0x835ab0]
V  [jvm.dll+0x7de51a]
V  [jvm.dll+0x673305]
C  [ucrtbase.dll+0x26c0c]
C  [KERNEL32.DLL+0x155a0]
C  [ntdll.dll+0x485b]

VM_Operation (0x000000cb961fe4a0): G1CollectForAllocation, mode: safepoint, requested by thread 0x000002a1a679a310


---------------  P R O C E S S  ---------------

Threads class SMR info:
_java_thread_list=0x000002a1a346cdb0, length=31, elements={
0x000002a1ffd9a830, 0x000002a19b855a40, 0x000002a19b829000, 0x000002a19c420540,
0x000002a19c420ef0, 0x000002a19c422040, 0x000002a19c4229f0, 0x000002a19c423d80,
0x000002a19c424340, 0x000002a19b85e760, 0x000002a19c514350, 0x000002a19d078660,
0x000002a19cfa4d70, 0x000002a19d1b3980, 0x000002a19f9ac350, 0x000002a1a1013160,
0x000002a19f439aa0, 0x000002a1a1010fb0, 0x000002a1a1013630, 0x000002a1a10122f0,
0x000002a1a1011e20, 0x000002a1a100fc70, 0x000002a1a679bff0, 0x000002a1a679b180,
0x000002a1a679a310, 0x000002a1a67a1690, 0x000002a1a67a0820, 0x000002a1a679bb20,
0x000002a1a679a7e0, 0x000002a1a67a0cf0, 0x000002a1a679acb0
}

Java Threads: ( => current thread )
  0x000002a1ffd9a830 JavaThread "main" [_thread_blocked, id=41552, stack(0x000000cb93700000,0x000000cb93800000)]
  0x000002a19b855a40 JavaThread "Reference Handler" daemon [_thread_blocked, id=12596, stack(0x000000cb93e00000,0x000000cb93f00000)]
  0x000002a19b829000 JavaThread "Finalizer" daemon [_thread_blocked, id=45720, stack(0x000000cb93f00000,0x000000cb94000000)]
  0x000002a19c420540 JavaThread "Signal Dispatcher" daemon [_thread_blocked, id=50192, stack(0x000000cb94000000,0x000000cb94100000)]
  0x000002a19c420ef0 JavaThread "Attach Listener" daemon [_thread_blocked, id=46260, stack(0x000000cb94100000,0x000000cb94200000)]
  0x000002a19c422040 JavaThread "Service Thread" daemon [_thread_blocked, id=51384, stack(0x000000cb94200000,0x000000cb94300000)]
  0x000002a19c4229f0 JavaThread "Monitor Deflation Thread" daemon [_thread_blocked, id=53492, stack(0x000000cb94300000,0x000000cb94400000)]
  0x000002a19c423d80 JavaThread "C2 CompilerThread0" daemon [_thread_blocked, id=39828, stack(0x000000cb94400000,0x000000cb94500000)]
  0x000002a19c424340 JavaThread "C1 CompilerThread0" daemon [_thread_blocked, id=17908, stack(0x000000cb94500000,0x000000cb94600000)]
  0x000002a19b85e760 JavaThread "Sweeper thread" daemon [_thread_blocked, id=42532, stack(0x000000cb94600000,0x000000cb94700000)]
  0x000002a19c514350 JavaThread "Common-Cleaner" daemon [_thread_blocked, id=51408, stack(0x000000cb94700000,0x000000cb94800000)]
  0x000002a19d078660 JavaThread "org.jacoco.agent.rt.internal_3570298.output.TcpClientOutput" daemon [_thread_in_native, id=53852, stack(0x000000cb94800000,0x000000cb94900000)]
  0x000002a19cfa4d70 JavaThread "Notification Thread" daemon [_thread_blocked, id=54056, stack(0x000000cb94900000,0x000000cb94a00000)]
  0x000002a19d1b3980 JavaThread "ReaderThread" [_thread_in_native, id=26892, stack(0x000000cb95000000,0x000000cb95100000)]
  0x000002a19f9ac350 JavaThread "mysql-cj-abandoned-connection-cleanup" daemon [_thread_blocked, id=20324, stack(0x000000cb95400000,0x000000cb95500000)]
  0x000002a1a1013160 JavaThread "HikariPool-1 housekeeper" daemon [_thread_blocked, id=1844, stack(0x000000cb95600000,0x000000cb95700000)]
  0x000002a19f439aa0 JavaThread "C2 CompilerThread1" daemon [_thread_blocked, id=50956, stack(0x000000cb95800000,0x000000cb95900000)]
  0x000002a1a1010fb0 JavaThread "ClassGraph-worker-84" daemon [_thread_blocked, id=43264, stack(0x000000cb95a00000,0x000000cb95b00000)]
  0x000002a1a1013630 JavaThread "ClassGraph-worker-85" daemon [_thread_blocked, id=35536, stack(0x000000cb95b00000,0x000000cb95c00000)]
  0x000002a1a10122f0 JavaThread "ClassGraph-worker-86" daemon [_thread_blocked, id=51396, stack(0x000000cb95c00000,0x000000cb95d00000)]
  0x000002a1a1011e20 JavaThread "ClassGraph-worker-87" daemon [_thread_blocked, id=52800, stack(0x000000cb95d00000,0x000000cb95e00000)]
  0x000002a1a100fc70 JavaThread "ClassGraph-worker-88" daemon [_thread_blocked, id=16368, stack(0x000000cb95e00000,0x000000cb95f00000)]
  0x000002a1a679bff0 JavaThread "ClassGraph-worker-89" daemon [_thread_blocked, id=51816, stack(0x000000cb95f00000,0x000000cb96000000)]
  0x000002a1a679b180 JavaThread "ClassGraph-worker-90" daemon [_thread_blocked, id=46376, stack(0x000000cb96000000,0x000000cb96100000)]
  0x000002a1a679a310 JavaThread "ClassGraph-worker-91" daemon [_thread_blocked, id=54080, stack(0x000000cb96100000,0x000000cb96200000)]
  0x000002a1a67a1690 JavaThread "ClassGraph-worker-92" daemon [_thread_blocked, id=50280, stack(0x000000cb96200000,0x000000cb96300000)]
  0x000002a1a67a0820 JavaThread "ClassGraph-worker-93" daemon [_thread_blocked, id=25948, stack(0x000000cb96300000,0x000000cb96400000)]
  0x000002a1a679bb20 JavaThread "ClassGraph-worker-94" daemon [_thread_blocked, id=47668, stack(0x000000cb96400000,0x000000cb96500000)]
  0x000002a1a679a7e0 JavaThread "ClassGraph-worker-95" daemon [_thread_blocked, id=41172, stack(0x000000cb96500000,0x000000cb96600000)]
  0x000002a1a67a0cf0 JavaThread "ClassGraph-worker-96" daemon [_thread_blocked, id=51112, stack(0x000000cb96600000,0x000000cb96700000)]
  0x000002a1a679acb0 JavaThread "ClassGraph-worker-97" daemon [_thread_blocked, id=35392, stack(0x000000cb96700000,0x000000cb96800000)]

Other Threads:
=>0x000002a19b7e9960 VMThread "VM Thread" [stack: 0x000000cb93d00000,0x000000cb93e00000] [id=49108]
  0x000002a1ffdf19c0 WatcherThread [stack: 0x000000cb94a00000,0x000000cb94b00000] [id=46512]
  0x000002a1ffdd6580 GCTaskThread "GC Thread#0" [stack: 0x000000cb93800000,0x000000cb93900000] [id=53380]
  0x000002a19d3cb7f0 GCTaskThread "GC Thread#1" [stack: 0x000000cb94b00000,0x000000cb94c00000] [id=42756]
  0x000002a19d23abd0 GCTaskThread "GC Thread#2" [stack: 0x000000cb94c00000,0x000000cb94d00000] [id=47136]
  0x000002a19d493420 GCTaskThread "GC Thread#3" [stack: 0x000000cb94d00000,0x000000cb94e00000] [id=23336]
  0x000002a19d4f52d0 GCTaskThread "GC Thread#4" [stack: 0x000000cb94e00000,0x000000cb94f00000] [id=53860]
  0x000002a19d4f5580 GCTaskThread "GC Thread#5" [stack: 0x000000cb94f00000,0x000000cb95000000] [id=51320]
  0x000002a19dba3060 GCTaskThread "GC Thread#6" [stack: 0x000000cb95100000,0x000000cb95200000] [id=36408]
  0x000002a19efcf630 GCTaskThread "GC Thread#7" [stack: 0x000000cb95200000,0x000000cb95300000] [id=52936]
  0x000002a1ffde8ba0 ConcurrentGCThread "G1 Main Marker" [stack: 0x000000cb93900000,0x000000cb93a00000] [id=52884]
  0x000002a1ffde94b0 ConcurrentGCThread "G1 Conc#0" [stack: 0x000000cb93a00000,0x000000cb93b00000] [id=40880]
  0x000002a19efcf8e0 ConcurrentGCThread "G1 Conc#1" [stack: 0x000000cb95300000,0x000000cb95400000] [id=42016]
  0x000002a1ffe3e1b0 ConcurrentGCThread "G1 Refine#0" [stack: 0x000000cb93b00000,0x000000cb93c00000] [id=38524]
  0x000002a1ffe3e970 ConcurrentGCThread "G1 Service" [stack: 0x000000cb93c00000,0x000000cb93d00000] [id=45724]

Threads with active compile tasks:
C2 CompilerThread0    37608 7952       4       io.github.classgraph.ClasspathElementZip::scanPaths (1539 bytes)
C2 CompilerThread1    37608 7995       4       nonapi.io.github.classgraph.utils.FastPathResolver::translateSeparator (210 bytes)

VM state: at safepoint (normal execution)

VM Mutex/Monitor currently owned by a thread:  ([mutex/lock_event])
[0x000002a1ffd95720] Threads_lock - owner thread: 0x000002a19b7e9960
[0x000002a1ffd95b10] Heap_lock - owner thread: 0x000002a1a679a310

Heap address: 0x0000000082800000, size: 2008 MB, Compressed Oops mode: 32-bit

CDS archive(s) not mapped
Compressed class space mapped at: 0x0000000100000000-0x0000000140000000, reserved size: 1073741824
Narrow klass base: 0x0000000000000000, Narrow klass shift: 3, Narrow klass range: 0x140000000

GC Precious Log:
 CPUs: 8 total, 8 available
 Memory: 8025M
 Large Page Support: Disabled
 NUMA Support: Disabled
 Compressed Oops: Enabled (32-bit)
 Heap Region Size: 1M
 Heap Min Capacity: 8M
 Heap Initial Capacity: 126M
 Heap Max Capacity: 2008M
 Pre-touch: Disabled
 Parallel Workers: 8
 Concurrent Workers: 2
 Concurrent Refinement Workers: 8
 Periodic GC: Disabled

Heap:
 garbage-first heap   total 143360K, used 79771K [0x0000000082800000, 0x0000000100000000)
  region size 1024K, 5 young (5120K), 5 survivors (5120K)
 Metaspace       used 87373K, committed 87872K, reserved 1130496K
  class space    used 10253K, committed 10496K, reserved 1048576K

Heap Regions: E=young(eden), S=young(survivor), O=old, HS=humongous(starts), HC=humongous(continues), CS=collection set, F=free, OA=open archive, CA=closed archive, TAMS=top-at-mark-start (previous, next)
|   0|0x0000000082800000, 0x0000000082900000, 0x0000000082900000|100%|HS|  |TAMS 0x0000000082900000, 0x0000000082900000| Complete 
|   1|0x0000000082900000, 0x0000000082a00000, 0x0000000082a00000|100%| O|  |TAMS 0x0000000082a00000, 0x0000000082a00000| Untracked 
|   2|0x0000000082a00000, 0x0000000082b00000, 0x0000000082b00000|100%| O|  |TAMS 0x0000000082b00000, 0x0000000082b00000| Untracked 
|   3|0x0000000082b00000, 0x0000000082c00000, 0x0000000082c00000|100%| O|  |TAMS 0x0000000082c00000, 0x0000000082c00000| Untracked 
|   4|0x0000000082c00000, 0x0000000082d00000, 0x0000000082d00000|100%| O|  |TAMS 0x0000000082d00000, 0x0000000082d00000| Untracked 
|   5|0x0000000082d00000, 0x0000000082e00000, 0x0000000082e00000|100%| O|  |TAMS 0x0000000082e00000, 0x0000000082e00000| Untracked 
|   6|0x0000000082e00000, 0x0000000082f00000, 0x0000000082f00000|100%| O|  |TAMS 0x0000000082f00000, 0x0000000082f00000| Untracked 
|   7|0x0000000082f00000, 0x0000000083000000, 0x0000000083000000|100%| O|  |TAMS 0x0000000083000000, 0x0000000083000000| Untracked 
|   8|0x0000000083000000, 0x0000000083100000, 0x0000000083100000|100%| O|  |TAMS 0x0000000083100000, 0x0000000083100000| Untracked 
|   9|0x0000000083100000, 0x0000000083200000, 0x0000000083200000|100%| O|  |TAMS 0x0000000083200000, 0x0000000083200000| Untracked 
|  10|0x0000000083200000, 0x0000000083300000, 0x0000000083300000|100%| O|  |TAMS 0x0000000083300000, 0x0000000083300000| Untracked 
|  11|0x0000000083300000, 0x0000000083400000, 0x0000000083400000|100%| O|  |TAMS 0x0000000083400000, 0x0000000083400000| Untracked 
|  12|0x0000000083400000, 0x0000000083500000, 0x0000000083500000|100%| O|  |TAMS 0x0000000083500000, 0x0000000083500000| Untracked 
|  13|0x0000000083500000, 0x0000000083600000, 0x0000000083600000|100%| O|  |TAMS 0x0000000083600000, 0x0000000083600000| Untracked 
|  14|0x0000000083600000, 0x0000000083700000, 0x0000000083700000|100%| O|  |TAMS 0x0000000083700000, 0x0000000083700000| Untracked 
|  15|0x0000000083700000, 0x0000000083800000, 0x0000000083800000|100%| O|  |TAMS 0x0000000083800000, 0x0000000083800000| Untracked 
|  16|0x0000000083800000, 0x0000000083900000, 0x0000000083900000|100%| O|  |TAMS 0x0000000083900000, 0x0000000083900000| Untracked 
|  17|0x0000000083900000, 0x0000000083a00000, 0x0000000083a00000|100%| O|  |TAMS 0x0000000083a00000, 0x0000000083a00000| Untracked 
|  18|0x0000000083a00000, 0x0000000083b00000, 0x0000000083b00000|100%| O|  |TAMS 0x0000000083b00000, 0x0000000083b00000| Untracked 
|  19|0x0000000083b00000, 0x0000000083c00000, 0x0000000083c00000|100%| O|  |TAMS 0x0000000083c00000, 0x0000000083c00000| Untracked 
|  20|0x0000000083c00000, 0x0000000083d00000, 0x0000000083d00000|100%| O|  |TAMS 0x0000000083d00000, 0x0000000083d00000| Untracked 
|  21|0x0000000083d00000, 0x0000000083e00000, 0x0000000083e00000|100%| O|  |TAMS 0x0000000083e00000, 0x0000000083e00000| Untracked 
|  22|0x0000000083e00000, 0x0000000083f00000, 0x0000000083f00000|100%| O|  |TAMS 0x0000000083f00000, 0x0000000083f00000| Untracked 
|  23|0x0000000083f00000, 0x0000000084000000, 0x0000000084000000|100%| O|  |TAMS 0x0000000084000000, 0x0000000084000000| Untracked 
|  24|0x0000000084000000, 0x0000000084100000, 0x0000000084100000|100%| O|  |TAMS 0x0000000084100000, 0x0000000084100000| Untracked 
|  25|0x0000000084100000, 0x0000000084200000, 0x0000000084200000|100%| O|  |TAMS 0x0000000084200000, 0x0000000084200000| Untracked 
|  26|0x0000000084200000, 0x0000000084300000, 0x0000000084300000|100%| O|  |TAMS 0x0000000084300000, 0x0000000084300000| Untracked 
|  27|0x0000000084300000, 0x0000000084400000, 0x0000000084400000|100%| O|  |TAMS 0x0000000084400000, 0x0000000084400000| Untracked 
|  28|0x0000000084400000, 0x0000000084500000, 0x0000000084500000|100%| O|  |TAMS 0x0000000084500000, 0x0000000084500000| Untracked 
|  29|0x0000000084500000, 0x0000000084600000, 0x0000000084600000|100%| O|  |TAMS 0x0000000084600000, 0x0000000084600000| Untracked 
|  30|0x0000000084600000, 0x0000000084700000, 0x0000000084700000|100%| O|  |TAMS 0x0000000084700000, 0x0000000084700000| Untracked 
|  31|0x0000000084700000, 0x0000000084800000, 0x0000000084800000|100%| O|  |TAMS 0x0000000084800000, 0x0000000084800000| Untracked 
|  32|0x0000000084800000, 0x0000000084900000, 0x0000000084900000|100%| O|  |TAMS 0x0000000084900000, 0x0000000084900000| Untracked 
|  33|0x0000000084900000, 0x0000000084a00000, 0x0000000084a00000|100%| O|  |TAMS 0x0000000084a00000, 0x0000000084a00000| Untracked 
|  34|0x0000000084a00000, 0x0000000084b00000, 0x0000000084b00000|100%| O|  |TAMS 0x0000000084b00000, 0x0000000084b00000| Untracked 
|  35|0x0000000084b00000, 0x0000000084c00000, 0x0000000084c00000|100%| O|  |TAMS 0x0000000084c00000, 0x0000000084c00000| Untracked 
|  36|0x0000000084c00000, 0x0000000084d00000, 0x0000000084d00000|100%| O|  |TAMS 0x0000000084d00000, 0x0000000084d00000| Untracked 
|  37|0x0000000084d00000, 0x0000000084e00000, 0x0000000084e00000|100%| O|  |TAMS 0x0000000084e00000, 0x0000000084e00000| Untracked 
|  38|0x0000000084e00000, 0x0000000084f00000, 0x0000000084f00000|100%| O|  |TAMS 0x0000000084e00000, 0x0000000084e00000| Untracked 
|  39|0x0000000084f00000, 0x0000000085000000, 0x0000000085000000|100%| O|  |TAMS 0x0000000085000000, 0x0000000085000000| Untracked 
|  40|0x0000000085000000, 0x0000000085100000, 0x0000000085100000|100%| O|  |TAMS 0x0000000085100000, 0x0000000085100000| Untracked 
|  41|0x0000000085100000, 0x0000000085200000, 0x0000000085200000|100%| O|  |TAMS 0x0000000085200000, 0x0000000085200000| Untracked 
|  42|0x0000000085200000, 0x0000000085300000, 0x0000000085300000|100%| O|  |TAMS 0x0000000085200000, 0x0000000085300000| Untracked 
|  43|0x0000000085300000, 0x0000000085400000, 0x0000000085400000|100%| O|  |TAMS 0x0000000085300000, 0x0000000085300000| Untracked 
|  44|0x0000000085400000, 0x0000000085500000, 0x0000000085500000|100%| O|  |TAMS 0x0000000085400000, 0x0000000085500000| Untracked 
|  45|0x0000000085500000, 0x0000000085600000, 0x0000000085600000|100%| O|  |TAMS 0x0000000085500000, 0x0000000085500000| Untracked 
|  46|0x0000000085600000, 0x0000000085700000, 0x0000000085700000|100%| O|  |TAMS 0x0000000085600000, 0x0000000085600000| Untracked 
|  47|0x0000000085700000, 0x0000000085800000, 0x0000000085800000|100%| O|  |TAMS 0x0000000085700000, 0x0000000085800000| Untracked 
|  48|0x0000000085800000, 0x00000000858e6c00, 0x0000000085900000| 90%| O|  |TAMS 0x0000000085800000, 0x0000000085800000| Untracked 
|  49|0x0000000085900000, 0x0000000085a00000, 0x0000000085a00000|100%| O|  |TAMS 0x0000000085900000, 0x0000000085a00000| Untracked 
|  50|0x0000000085a00000, 0x0000000085a00000, 0x0000000085b00000|  0%| F|  |TAMS 0x0000000085a00000, 0x0000000085a00000| Untracked 
|  51|0x0000000085b00000, 0x0000000085c00000, 0x0000000085c00000|100%| O|  |TAMS 0x0000000085c00000, 0x0000000085c00000| Untracked 
|  52|0x0000000085c00000, 0x0000000085c00000, 0x0000000085d00000|  0%| F|  |TAMS 0x0000000085c00000, 0x0000000085c00000| Untracked 
|  53|0x0000000085d00000, 0x0000000085d00000, 0x0000000085e00000|  0%| F|  |TAMS 0x0000000085d00000, 0x0000000085d00000| Untracked 
|  54|0x0000000085e00000, 0x0000000085e00000, 0x0000000085f00000|  0%| F|  |TAMS 0x0000000085e00000, 0x0000000085e00000| Untracked 
|  55|0x0000000085f00000, 0x0000000086000000, 0x0000000086000000|100%| O|  |TAMS 0x0000000085f00000, 0x0000000086000000| Untracked 
|  56|0x0000000086000000, 0x0000000086100000, 0x0000000086100000|100%| O|  |TAMS 0x0000000086100000, 0x0000000086100000| Untracked 
|  57|0x0000000086100000, 0x0000000086200000, 0x0000000086200000|100%| O|  |TAMS 0x0000000086100000, 0x0000000086200000| Untracked 
|  58|0x0000000086200000, 0x0000000086300000, 0x0000000086300000|100%| O|  |TAMS 0x0000000086300000, 0x0000000086300000| Untracked 
|  59|0x0000000086300000, 0x0000000086400000, 0x0000000086400000|100%| O|  |TAMS 0x0000000086400000, 0x0000000086400000| Untracked 
|  60|0x0000000086400000, 0x0000000086500000, 0x0000000086500000|100%| O|  |TAMS 0x0000000086500000, 0x0000000086500000| Untracked 
|  61|0x0000000086500000, 0x0000000086600000, 0x0000000086600000|100%| O|  |TAMS 0x0000000086600000, 0x0000000086600000| Untracked 
|  62|0x0000000086600000, 0x0000000086700000, 0x0000000086700000|100%| O|  |TAMS 0x00000000866c0400, 0x0000000086700000| Untracked 
|  63|0x0000000086700000, 0x0000000086800000, 0x0000000086800000|100%| O|  |TAMS 0x0000000086700000, 0x0000000086800000| Untracked 
|  64|0x0000000086800000, 0x0000000086900000, 0x0000000086900000|100%| O|  |TAMS 0x0000000086800000, 0x0000000086900000| Untracked 
|  65|0x0000000086900000, 0x0000000086a00000, 0x0000000086a00000|100%| O|  |TAMS 0x0000000086900000, 0x0000000086a00000| Untracked 
|  66|0x0000000086a00000, 0x0000000086b00000, 0x0000000086b00000|100%| O|  |TAMS 0x0000000086a00000, 0x0000000086b00000| Untracked 
|  67|0x0000000086b00000, 0x0000000086c00000, 0x0000000086c00000|100%| O|  |TAMS 0x0000000086b00000, 0x0000000086c00000| Untracked 
|  68|0x0000000086c00000, 0x0000000086d00000, 0x0000000086d00000|100%| O|  |TAMS 0x0000000086c00000, 0x0000000086d00000| Untracked 
|  69|0x0000000086d00000, 0x0000000086e00000, 0x0000000086e00000|100%| O|  |TAMS 0x0000000086d00000, 0x0000000086e00000| Untracked 
|  70|0x0000000086e00000, 0x0000000086f00000, 0x0000000086f00000|100%| O|  |TAMS 0x0000000086e00000, 0x0000000086f00000| Untracked 
|  71|0x0000000086f00000, 0x0000000087000000, 0x0000000087000000|100%| O|  |TAMS 0x0000000086f00000, 0x0000000087000000| Untracked 
|  72|0x0000000087000000, 0x0000000087100000, 0x0000000087100000|100%| O|  |TAMS 0x0000000087000000, 0x0000000087100000| Untracked 
|  73|0x0000000087100000, 0x0000000087200000, 0x0000000087200000|100%| O|  |TAMS 0x0000000087100000, 0x0000000087200000| Untracked 
|  74|0x0000000087200000, 0x0000000087300000, 0x0000000087300000|100%| O|  |TAMS 0x0000000087200000, 0x0000000087300000| Untracked 
|  75|0x0000000087300000, 0x0000000087400000, 0x0000000087400000|100%| O|  |TAMS 0x0000000087300000, 0x0000000087400000| Untracked 
|  76|0x0000000087400000, 0x0000000087500000, 0x0000000087500000|100%| O|  |TAMS 0x0000000087400000, 0x000000008744a800| Untracked 
|  77|0x0000000087500000, 0x0000000087500000, 0x0000000087600000|  0%| F|  |TAMS 0x0000000087500000, 0x0000000087500000| Untracked 
|  78|0x0000000087600000, 0x0000000087600000, 0x0000000087700000|  0%| F|  |TAMS 0x0000000087600000, 0x0000000087600000| Untracked 
|  79|0x0000000087700000, 0x0000000087700000, 0x0000000087800000|  0%| F|  |TAMS 0x0000000087700000, 0x0000000087700000| Untracked 
|  80|0x0000000087800000, 0x0000000087800000, 0x0000000087900000|  0%| F|  |TAMS 0x0000000087800000, 0x0000000087800000| Untracked 
|  81|0x0000000087900000, 0x0000000087900000, 0x0000000087a00000|  0%| F|  |TAMS 0x0000000087900000, 0x0000000087900000| Untracked 
|  82|0x0000000087a00000, 0x0000000087a00000, 0x0000000087b00000|  0%| F|  |TAMS 0x0000000087a00000, 0x0000000087a00000| Untracked 
|  83|0x0000000087b00000, 0x0000000087b00000, 0x0000000087c00000|  0%| F|  |TAMS 0x0000000087b00000, 0x0000000087b00000| Untracked 
|  84|0x0000000087c00000, 0x0000000087c00000, 0x0000000087d00000|  0%| F|  |TAMS 0x0000000087c00000, 0x0000000087c00000| Untracked 
|  85|0x0000000087d00000, 0x0000000087d00000, 0x0000000087e00000|  0%| F|  |TAMS 0x0000000087d00000, 0x0000000087d00000| Untracked 
|  86|0x0000000087e00000, 0x0000000087e00000, 0x0000000087f00000|  0%| F|  |TAMS 0x0000000087e00000, 0x0000000087e00000| Untracked 
|  87|0x0000000087f00000, 0x0000000087f00000, 0x0000000088000000|  0%| F|  |TAMS 0x0000000087f00000, 0x0000000087f00000| Untracked 
|  88|0x0000000088000000, 0x0000000088000000, 0x0000000088100000|  0%| F|  |TAMS 0x0000000088000000, 0x0000000088000000| Untracked 
|  89|0x0000000088100000, 0x0000000088100000, 0x0000000088200000|  0%| F|  |TAMS 0x0000000088100000, 0x0000000088100000| Untracked 
|  90|0x0000000088200000, 0x0000000088200000, 0x0000000088300000|  0%| F|  |TAMS 0x0000000088200000, 0x0000000088200000| Untracked 
|  91|0x0000000088300000, 0x0000000088300000, 0x0000000088400000|  0%| F|  |TAMS 0x0000000088300000, 0x0000000088300000| Untracked 
|  92|0x0000000088400000, 0x0000000088400000, 0x0000000088500000|  0%| F|  |TAMS 0x0000000088400000, 0x0000000088400000| Untracked 
|  93|0x0000000088500000, 0x0000000088500000, 0x0000000088600000|  0%| F|  |TAMS 0x0000000088500000, 0x0000000088500000| Untracked 
|  94|0x0000000088600000, 0x0000000088600000, 0x0000000088700000|  0%| F|  |TAMS 0x0000000088600000, 0x0000000088600000| Untracked 
|  95|0x0000000088700000, 0x0000000088700000, 0x0000000088800000|  0%| F|  |TAMS 0x0000000088700000, 0x0000000088700000| Untracked 
|  96|0x0000000088800000, 0x0000000088800000, 0x0000000088900000|  0%| F|  |TAMS 0x0000000088800000, 0x0000000088800000| Untracked 
|  97|0x0000000088900000, 0x0000000088900000, 0x0000000088a00000|  0%| F|  |TAMS 0x0000000088900000, 0x0000000088900000| Untracked 
|  98|0x0000000088a00000, 0x0000000088a00000, 0x0000000088b00000|  0%| F|  |TAMS 0x0000000088a00000, 0x0000000088a00000| Untracked 
|  99|0x0000000088b00000, 0x0000000088b00000, 0x0000000088c00000|  0%| F|  |TAMS 0x0000000088b00000, 0x0000000088b00000| Untracked 
| 100|0x0000000088c00000, 0x0000000088d00000, 0x0000000088d00000|100%| S|CS|TAMS 0x0000000088c00000, 0x0000000088c00000| Complete 
| 101|0x0000000088d00000, 0x0000000088e00000, 0x0000000088e00000|100%| S|CS|TAMS 0x0000000088d00000, 0x0000000088d00000| Complete 
| 102|0x0000000088e00000, 0x0000000088f00000, 0x0000000088f00000|100%| S|CS|TAMS 0x0000000088e00000, 0x0000000088e00000| Complete 
| 103|0x0000000088f00000, 0x0000000089000000, 0x0000000089000000|100%| S|CS|TAMS 0x0000000088f00000, 0x0000000088f00000| Complete 
| 104|0x0000000089000000, 0x0000000089100000, 0x0000000089100000|100%| S|CS|TAMS 0x0000000089000000, 0x0000000089000000| Complete 
| 105|0x0000000089100000, 0x0000000089100000, 0x0000000089200000|  0%| F|  |TAMS 0x0000000089100000, 0x0000000089100000| Untracked 
| 106|0x0000000089200000, 0x0000000089200000, 0x0000000089300000|  0%| F|  |TAMS 0x0000000089200000, 0x0000000089200000| Untracked 
| 107|0x0000000089300000, 0x0000000089300000, 0x0000000089400000|  0%| F|  |TAMS 0x0000000089300000, 0x0000000089300000| Untracked 
| 108|0x0000000089400000, 0x0000000089400000, 0x0000000089500000|  0%| F|  |TAMS 0x0000000089400000, 0x0000000089400000| Untracked 
| 109|0x0000000089500000, 0x0000000089500000, 0x0000000089600000|  0%| F|  |TAMS 0x0000000089500000, 0x0000000089500000| Untracked 
| 110|0x0000000089600000, 0x0000000089600000, 0x0000000089700000|  0%| F|  |TAMS 0x0000000089600000, 0x0000000089600000| Untracked 
| 111|0x0000000089700000, 0x0000000089700000, 0x0000000089800000|  0%| F|  |TAMS 0x0000000089700000, 0x0000000089700000| Untracked 
| 112|0x0000000089800000, 0x0000000089800000, 0x0000000089900000|  0%| F|  |TAMS 0x0000000089800000, 0x0000000089800000| Untracked 
| 113|0x0000000089900000, 0x0000000089900000, 0x0000000089a00000|  0%| F|  |TAMS 0x0000000089900000, 0x0000000089900000| Untracked 
| 114|0x0000000089a00000, 0x0000000089a00000, 0x0000000089b00000|  0%| F|  |TAMS 0x0000000089a00000, 0x0000000089a00000| Untracked 
| 115|0x0000000089b00000, 0x0000000089b00000, 0x0000000089c00000|  0%| F|  |TAMS 0x0000000089b00000, 0x0000000089b00000| Untracked 
| 116|0x0000000089c00000, 0x0000000089c00000, 0x0000000089d00000|  0%| F|  |TAMS 0x0000000089c00000, 0x0000000089c00000| Untracked 
| 117|0x0000000089d00000, 0x0000000089d00000, 0x0000000089e00000|  0%| F|  |TAMS 0x0000000089d00000, 0x0000000089d00000| Untracked 
| 118|0x0000000089e00000, 0x0000000089e00000, 0x0000000089f00000|  0%| F|  |TAMS 0x0000000089e00000, 0x0000000089e00000| Untracked 
| 119|0x0000000089f00000, 0x0000000089f00000, 0x000000008a000000|  0%| F|  |TAMS 0x0000000089f00000, 0x0000000089f00000| Untracked 
| 120|0x000000008a000000, 0x000000008a000000, 0x000000008a100000|  0%| F|  |TAMS 0x000000008a000000, 0x000000008a000000| Untracked 
| 121|0x000000008a100000, 0x000000008a100000, 0x000000008a200000|  0%| F|  |TAMS 0x000000008a100000, 0x000000008a100000| Untracked 
| 122|0x000000008a200000, 0x000000008a200000, 0x000000008a300000|  0%| F|  |TAMS 0x000000008a200000, 0x000000008a200000| Untracked 
| 123|0x000000008a300000, 0x000000008a300000, 0x000000008a400000|  0%| F|  |TAMS 0x000000008a300000, 0x000000008a300000| Untracked 
| 124|0x000000008a400000, 0x000000008a400000, 0x000000008a500000|  0%| F|  |TAMS 0x000000008a400000, 0x000000008a400000| Untracked 
| 125|0x000000008a500000, 0x000000008a500000, 0x000000008a600000|  0%| F|  |TAMS 0x000000008a500000, 0x000000008a500000| Untracked 
| 126|0x000000008a600000, 0x000000008a600000, 0x000000008a700000|  0%| F|  |TAMS 0x000000008a600000, 0x000000008a600000| Untracked 
| 127|0x000000008a700000, 0x000000008a700000, 0x000000008a800000|  0%| F|  |TAMS 0x000000008a700000, 0x000000008a700000| Untracked 
| 128|0x000000008a800000, 0x000000008a800000, 0x000000008a900000|  0%| F|  |TAMS 0x000000008a800000, 0x000000008a800000| Untracked 
| 129|0x000000008a900000, 0x000000008a900000, 0x000000008aa00000|  0%| F|  |TAMS 0x000000008a900000, 0x000000008a900000| Untracked 
| 130|0x000000008aa00000, 0x000000008aa00000, 0x000000008ab00000|  0%| F|  |TAMS 0x000000008aa00000, 0x000000008aa00000| Untracked 
| 131|0x000000008ab00000, 0x000000008ab00000, 0x000000008ac00000|  0%| F|  |TAMS 0x000000008ab00000, 0x000000008ab00000| Untracked 
| 132|0x000000008ac00000, 0x000000008ac00000, 0x000000008ad00000|  0%| F|  |TAMS 0x000000008ac00000, 0x000000008ac00000| Untracked 
| 133|0x000000008ad00000, 0x000000008ad00000, 0x000000008ae00000|  0%| F|  |TAMS 0x000000008ad00000, 0x000000008ad00000| Untracked 
| 134|0x000000008ae00000, 0x000000008ae00000, 0x000000008af00000|  0%| F|  |TAMS 0x000000008ae00000, 0x000000008ae00000| Untracked 
| 135|0x000000008af00000, 0x000000008af00000, 0x000000008b000000|  0%| F|  |TAMS 0x000000008af00000, 0x000000008af00000| Untracked 
| 136|0x000000008b000000, 0x000000008b000000, 0x000000008b100000|  0%| F|  |TAMS 0x000000008b000000, 0x000000008b000000| Untracked 
| 137|0x000000008b100000, 0x000000008b100000, 0x000000008b200000|  0%| F|  |TAMS 0x000000008b100000, 0x000000008b100000| Untracked 
| 138|0x000000008b200000, 0x000000008b200000, 0x000000008b300000|  0%| F|  |TAMS 0x000000008b200000, 0x000000008b200000| Untracked 
| 139|0x000000008b300000, 0x000000008b300000, 0x000000008b400000|  0%| F|  |TAMS 0x000000008b300000, 0x000000008b300000| Untracked 

Card table byte_map: [0x000002a194740000,0x000002a194b30000] _byte_map_base: 0x000002a19432c000

Marking Bits (Prev, Next): (CMBitMap*) 0x000002a1ffdd6ad0, (CMBitMap*) 0x000002a1ffdd6a90
 Prev Bits: [0x000002a196e80000, 0x000002a198de0000)
 Next Bits: [0x000002a194f20000, 0x000002a196e80000)

Polling page: 0x000002a1ff920000

Metaspace:

Usage:
  Non-class:     75.31 MB used.
      Class:     10.01 MB used.
       Both:     85.33 MB used.

Virtual space:
  Non-class space:       80.00 MB reserved,      75.56 MB ( 94%) committed,  10 nodes.
      Class space:        1.00 GB reserved,      10.25 MB (  1%) committed,  1 nodes.
             Both:        1.08 GB reserved,      85.81 MB (  8%) committed. 

Chunk freelists:
   Non-Class:  3.76 MB
       Class:  1.81 MB
        Both:  5.57 MB

MaxMetaspaceSize: unlimited
CompressedClassSpaceSize: 1.00 GB
Initial GC threshold: 21.00 MB
Current GC threshold: 142.94 MB
CDS: off
MetaspaceReclaimPolicy: balanced
 - commit_granule_bytes: 65536.
 - commit_granule_words: 8192.
 - virtual_space_node_default_size: 1048576.
 - enlarge_chunks_in_place: 1.
 - new_chunks_are_fully_committed: 0.
 - uncommit_free_chunks: 1.
 - use_allocation_guard: 0.
 - handle_deallocations: 1.


Internal statistics:

num_allocs_failed_limit: 12.
num_arena_births: 646.
num_arena_deaths: 0.
num_vsnodes_births: 11.
num_vsnodes_deaths: 0.
num_space_committed: 1373.
num_space_uncommitted: 0.
num_chunks_returned_to_freelist: 12.
num_chunks_taken_from_freelist: 3411.
num_chunk_merges: 6.
num_chunk_splits: 2526.
num_chunks_enlarged: 2036.
num_purges: 0.
num_inconsistent_stats: 0.

CodeHeap 'non-profiled nmethods': size=120000Kb used=4495Kb max_used=4495Kb free=115504Kb
 bounds [0x000002a18c4b0000, 0x000002a18c920000, 0x000002a1939e0000]
CodeHeap 'profiled nmethods': size=120000Kb used=13275Kb max_used=13275Kb free=106724Kb
 bounds [0x000002a184f80000, 0x000002a185c80000, 0x000002a18c4b0000]
CodeHeap 'non-nmethods': size=5760Kb used=1345Kb max_used=1444Kb free=4414Kb
 bounds [0x000002a1849e0000, 0x000002a184c50000, 0x000002a184f80000]
 total_blobs=7809 nmethods=7130 adapters=591
 compilation: enabled
              stopped_count=0, restarted_count=0
 full_count=0

Compilation events (20 events):
Event: 37.414 Thread 0x000002a19c424340 7990       3       java.util.ComparableTimSort::gallopRight (327 bytes)
Event: 37.415 Thread 0x000002a19c424340 nmethod 7990 0x000002a185c73090 code [0x000002a185c732c0, 0x000002a185c73db8]
Event: 37.419 Thread 0x000002a19c424340 7992       3       nonapi.io.github.classgraph.classloaderhandler.ClassLoaderHandlerRegistry$ClassLoaderHandlerRegistryEntry::$jacocoInit (52 bytes)
Event: 37.420 Thread 0x000002a19c424340 nmethod 7992 0x000002a185c74110 code [0x000002a185c74320, 0x000002a185c74c38]
Event: 37.421 Thread 0x000002a19c424340 7993       3       java.lang.WeakPairMap::get (17 bytes)
Event: 37.423 Thread 0x000002a19c424340 nmethod 7993 0x000002a185c74e10 code [0x000002a185c75080, 0x000002a185c75cd8]
Event: 37.479 Thread 0x000002a19c424340 7996       2       sun.nio.fs.WindowsException::rethrowAsIOException (39 bytes)
Event: 37.479 Thread 0x000002a19c424340 nmethod 7996 0x000002a185c76190 code [0x000002a185c76320, 0x000002a185c76468]
Event: 37.486 Thread 0x000002a19c424340 7997   !   2       sun.nio.fs.WindowsNativeDispatcher::FindFirstFile (38 bytes)
Event: 37.487 Thread 0x000002a19c424340 nmethod 7997 0x000002a185c76590 code [0x000002a185c76760, 0x000002a185c76978]
Event: 37.510 Thread 0x000002a19c424340 7998       2       java.util.concurrent.atomic.AtomicLong::compareAndSet (13 bytes)
Event: 37.510 Thread 0x000002a19c424340 nmethod 7998 0x000002a185c76b90 code [0x000002a185c76d20, 0x000002a185c76e38]
Event: 37.511 Thread 0x000002a19c424340 8000       2       java.util.ComparableTimSort::mergeCollapse (134 bytes)
Event: 37.511 Thread 0x000002a19c424340 nmethod 8000 0x000002a185c76f10 code [0x000002a185c770e0, 0x000002a185c77468]
Event: 37.511 Thread 0x000002a19c424340 7999       2       java.util.ComparableTimSort::pushRun (31 bytes)
Event: 37.511 Thread 0x000002a19c424340 nmethod 7999 0x000002a185c77710 code [0x000002a185c778a0, 0x000002a185c779f8]
Event: 37.516 Thread 0x000002a19f439aa0 nmethod 7909 0x000002a18c904090 code [0x000002a18c904800, 0x000002a18c90be80]
Event: 37.516 Thread 0x000002a19f439aa0 7994       4       java.net.URI::quote (214 bytes)
Event: 37.522 Thread 0x000002a19f439aa0 nmethod 7994 0x000002a18c913810 code [0x000002a18c9139a0, 0x000002a18c913c28]
Event: 37.522 Thread 0x000002a19f439aa0 7995       4       nonapi.io.github.classgraph.utils.FastPathResolver::translateSeparator (210 bytes)

GC Heap History (20 events):
Event: 34.449 GC heap after
{Heap after GC invocations=55 (full 0):
 garbage-first heap   total 76800K, used 39678K [0x0000000082800000, 0x0000000100000000)
  region size 1024K, 3 young (3072K), 3 survivors (3072K)
 Metaspace       used 86468K, committed 86976K, reserved 1130496K
  class space    used 10205K, committed 10432K, reserved 1048576K
}
Event: 34.960 GC heap before
{Heap before GC invocations=55 (full 0):
 garbage-first heap   total 76800K, used 60158K [0x0000000082800000, 0x0000000100000000)
  region size 1024K, 25 young (25600K), 3 survivors (3072K)
 Metaspace       used 86908K, committed 87360K, reserved 1130496K
  class space    used 10237K, committed 10432K, reserved 1048576K
}
Event: 34.968 GC heap after
{Heap after GC invocations=56 (full 0):
 garbage-first heap   total 76800K, used 42407K [0x0000000082800000, 0x0000000100000000)
  region size 1024K, 4 young (4096K), 4 survivors (4096K)
 Metaspace       used 86908K, committed 87360K, reserved 1130496K
  class space    used 10237K, committed 10432K, reserved 1048576K
}
Event: 35.214 GC heap before
{Heap before GC invocations=57 (full 0):
 garbage-first heap   total 86016K, used 63911K [0x0000000082800000, 0x0000000100000000)
  region size 1024K, 25 young (25600K), 4 survivors (4096K)
 Metaspace       used 86965K, committed 87360K, reserved 1130496K
  class space    used 10237K, committed 10432K, reserved 1048576K
}
Event: 35.224 GC heap after
{Heap after GC invocations=58 (full 0):
 garbage-first heap   total 86016K, used 46643K [0x0000000082800000, 0x0000000100000000)
  region size 1024K, 4 young (4096K), 4 survivors (4096K)
 Metaspace       used 86965K, committed 87360K, reserved 1130496K
  class space    used 10237K, committed 10432K, reserved 1048576K
}
Event: 35.414 GC heap before
{Heap before GC invocations=58 (full 0):
 garbage-first heap   total 86016K, used 67123K [0x0000000082800000, 0x0000000100000000)
  region size 1024K, 25 young (25600K), 4 survivors (4096K)
 Metaspace       used 87024K, committed 87488K, reserved 1130496K
  class space    used 10239K, committed 10432K, reserved 1048576K
}
Event: 35.423 GC heap after
{Heap after GC invocations=59 (full 0):
 garbage-first heap   total 86016K, used 51177K [0x0000000082800000, 0x0000000100000000)
  region size 1024K, 4 young (4096K), 4 survivors (4096K)
 Metaspace       used 87024K, committed 87488K, reserved 1130496K
  class space    used 10239K, committed 10432K, reserved 1048576K
}
Event: 35.955 GC heap before
{Heap before GC invocations=60 (full 0):
 garbage-first heap   total 99328K, used 67561K [0x0000000082800000, 0x0000000100000000)
  region size 1024K, 21 young (21504K), 4 survivors (4096K)
 Metaspace       used 87218K, committed 87744K, reserved 1130496K
  class space    used 10251K, committed 10496K, reserved 1048576K
}
Event: 35.969 GC heap after
{Heap after GC invocations=61 (full 0):
 garbage-first heap   total 99328K, used 57335K [0x0000000082800000, 0x0000000100000000)
  region size 1024K, 3 young (3072K), 3 survivors (3072K)
 Metaspace       used 87218K, committed 87744K, reserved 1130496K
  class space    used 10251K, committed 10496K, reserved 1048576K
}
Event: 36.036 GC heap before
{Heap before GC invocations=61 (full 0):
 garbage-first heap   total 99328K, used 68599K [0x0000000082800000, 0x0000000100000000)
  region size 1024K, 15 young (15360K), 3 survivors (3072K)
 Metaspace       used 87231K, committed 87744K, reserved 1130496K
  class space    used 10251K, committed 10496K, reserved 1048576K
}
Event: 36.043 GC heap after
{Heap after GC invocations=62 (full 0):
 garbage-first heap   total 132096K, used 60668K [0x0000000082800000, 0x0000000100000000)
  region size 1024K, 3 young (3072K), 3 survivors (3072K)
 Metaspace       used 87231K, committed 87744K, reserved 1130496K
  class space    used 10251K, committed 10496K, reserved 1048576K
}
Event: 36.324 GC heap before
{Heap before GC invocations=62 (full 0):
 garbage-first heap   total 132096K, used 95484K [0x0000000082800000, 0x0000000100000000)
  region size 1024K, 37 young (37888K), 3 survivors (3072K)
 Metaspace       used 87274K, committed 87744K, reserved 1130496K
  class space    used 10251K, committed 10496K, reserved 1048576K
}
Event: 36.333 GC heap after
{Heap after GC invocations=63 (full 0):
 garbage-first heap   total 132096K, used 68353K [0x0000000082800000, 0x0000000100000000)
  region size 1024K, 5 young (5120K), 5 survivors (5120K)
 Metaspace       used 87274K, committed 87744K, reserved 1130496K
  class space    used 10251K, committed 10496K, reserved 1048576K
}
Event: 36.749 GC heap before
{Heap before GC invocations=63 (full 0):
 garbage-first heap   total 132096K, used 98049K [0x0000000082800000, 0x0000000100000000)
  region size 1024K, 35 young (35840K), 5 survivors (5120K)
 Metaspace       used 87309K, committed 87808K, reserved 1130496K
  class space    used 10251K, committed 10496K, reserved 1048576K
}
Event: 36.767 GC heap after
{Heap after GC invocations=64 (full 0):
 garbage-first heap   total 132096K, used 78052K [0x0000000082800000, 0x0000000100000000)
  region size 1024K, 5 young (5120K), 5 survivors (5120K)
 Metaspace       used 87309K, committed 87808K, reserved 1130496K
  class space    used 10251K, committed 10496K, reserved 1048576K
}
Event: 37.023 GC heap before
{Heap before GC invocations=65 (full 0):
 garbage-first heap   total 143360K, used 95460K [0x0000000082800000, 0x0000000100000000)
  region size 1024K, 27 young (27648K), 5 survivors (5120K)
 Metaspace       used 87320K, committed 87808K, reserved 1130496K
  class space    used 10251K, committed 10496K, reserved 1048576K
}
Event: 37.033 GC heap after
{Heap after GC invocations=66 (full 0):
 garbage-first heap   total 143360K, used 77824K [0x0000000082800000, 0x0000000100000000)
  region size 1024K, 4 young (4096K), 4 survivors (4096K)
 Metaspace       used 87320K, committed 87808K, reserved 1130496K
  class space    used 10251K, committed 10496K, reserved 1048576K
}
Event: 37.070 GC heap before
{Heap before GC invocations=66 (full 0):
 garbage-first heap   total 143360K, used 80896K [0x0000000082800000, 0x0000000100000000)
  region size 1024K, 7 young (7168K), 4 survivors (4096K)
 Metaspace       used 87320K, committed 87808K, reserved 1130496K
  class space    used 10251K, committed 10496K, reserved 1048576K
}
Event: 37.076 GC heap after
{Heap after GC invocations=67 (full 0):
 garbage-first heap   total 143360K, used 69930K [0x0000000082800000, 0x0000000100000000)
  region size 1024K, 1 young (1024K), 1 survivors (1024K)
 Metaspace       used 87320K, committed 87808K, reserved 1130496K
  class space    used 10251K, committed 10496K, reserved 1048576K
}
Event: 37.528 GC heap before
{Heap before GC invocations=67 (full 0):
 garbage-first heap   total 143360K, used 104746K [0x0000000082800000, 0x0000000100000000)
  region size 1024K, 35 young (35840K), 1 survivors (1024K)
 Metaspace       used 87373K, committed 87872K, reserved 1130496K
  class space    used 10253K, committed 10496K, reserved 1048576K
}

Deoptimization events (20 events):
Event: 37.330 Thread 0x000002a1a1011e20 DEOPT PACKING pc=0x000002a185bc0f85 sp=0x000000cb95afe960
Event: 37.330 Thread 0x000002a1a1011e20 DEOPT UNPACKING pc=0x000002a184a32b43 sp=0x000000cb95afdec8 mode 0
Event: 37.401 Thread 0x000002a1ffd9a830 Uncommon trap: trap_request=0xffffffde fr.pc=0x000002a18c7453d0 relative=0x00000000000011b0
Event: 37.401 Thread 0x000002a1ffd9a830 Uncommon trap: reason=class_check action=maybe_recompile pc=0x000002a18c7453d0 method=java.util.Properties$LineReader.readLine()I @ 479 c2
Event: 37.401 Thread 0x000002a1ffd9a830 DEOPT PACKING pc=0x000002a18c7453d0 sp=0x000000cb937fa600
Event: 37.401 Thread 0x000002a1ffd9a830 DEOPT UNPACKING pc=0x000002a184a323a3 sp=0x000000cb937fa588 mode 2
Event: 37.431 Thread 0x000002a1ffd9a830 DEOPT PACKING pc=0x000002a1850ccef3 sp=0x000000cb937f9d30
Event: 37.431 Thread 0x000002a1ffd9a830 DEOPT UNPACKING pc=0x000002a184a32b43 sp=0x000000cb937f9268 mode 0
Event: 37.443 Thread 0x000002a1ffd9a830 DEOPT PACKING pc=0x000002a1850c59f8 sp=0x000000cb937f9fe0
Event: 37.443 Thread 0x000002a1ffd9a830 DEOPT UNPACKING pc=0x000002a184a32b43 sp=0x000000cb937f94f0 mode 0
Event: 37.456 Thread 0x000002a1ffd9a830 DEOPT PACKING pc=0x000002a1850ccef3 sp=0x000000cb937f9d30
Event: 37.456 Thread 0x000002a1ffd9a830 DEOPT UNPACKING pc=0x000002a184a32b43 sp=0x000000cb937f9268 mode 0
Event: 37.463 Thread 0x000002a1ffd9a830 DEOPT PACKING pc=0x000002a1850c59f8 sp=0x000000cb937f9fe0
Event: 37.463 Thread 0x000002a1ffd9a830 DEOPT UNPACKING pc=0x000002a184a32b43 sp=0x000000cb937f94f0 mode 0
Event: 37.472 Thread 0x000002a1a1010fb0 Uncommon trap: trap_request=0xfffffff4 fr.pc=0x000002a18c8fa9fc relative=0x00000000000006bc
Event: 37.472 Thread 0x000002a1a1010fb0 Uncommon trap: reason=null_check action=make_not_entrant pc=0x000002a18c8fa9fc method=sun.nio.fs.NativeBuffers.getNativeBufferFromCache(I)Lsun/nio/fs/NativeBuffer; @ 6 c2
Event: 37.472 Thread 0x000002a1a1010fb0 DEOPT PACKING pc=0x000002a18c8fa9fc sp=0x000000cb95afec40
Event: 37.472 Thread 0x000002a1a1010fb0 DEOPT UNPACKING pc=0x000002a184a323a3 sp=0x000000cb95afeb30 mode 2
Event: 37.502 Thread 0x000002a1a10122f0 DEOPT PACKING pc=0x000002a185b58b04 sp=0x000000cb95cfdc70
Event: 37.502 Thread 0x000002a1a10122f0 DEOPT UNPACKING pc=0x000002a184a32b43 sp=0x000000cb95cfd458 mode 0

Classes unloaded (0 events):
No events

Classes redefined (0 events):
No events

Internal exceptions (20 events):
Event: 37.478 Thread 0x000002a1a1013630 Exception <a 'sun/nio/fs/WindowsException'{0x00000000895143f0}> (0x00000000895143f0) 
thrown [e:\jenkins\tmp\workspace\build\src\src\hotspot\share\prims\jni.cpp, line 516]
Event: 37.478 Thread 0x000002a1a1010fb0 Exception <a 'sun/nio/fs/WindowsException'{0x0000000089520fb8}> (0x0000000089520fb8) 
thrown [e:\jenkins\tmp\workspace\build\src\src\hotspot\share\prims\jni.cpp, line 516]
Event: 37.478 Thread 0x000002a1a1013630 Exception <a 'sun/nio/fs/WindowsException'{0x0000000089514830}> (0x0000000089514830) 
thrown [e:\jenkins\tmp\workspace\build\src\src\hotspot\share\prims\jni.cpp, line 516]
Event: 37.478 Thread 0x000002a1a1010fb0 Exception <a 'sun/nio/fs/WindowsException'{0x0000000089521428}> (0x0000000089521428) 
thrown [e:\jenkins\tmp\workspace\build\src\src\hotspot\share\prims\jni.cpp, line 516]
Event: 37.478 Thread 0x000002a1a1013630 Exception <a 'sun/nio/fs/WindowsException'{0x0000000089515280}> (0x0000000089515280) 
thrown [e:\jenkins\tmp\workspace\build\src\src\hotspot\share\prims\jni.cpp, line 516]
Event: 37.478 Thread 0x000002a1a1013630 Exception <a 'sun/nio/fs/WindowsException'{0x0000000089515688}> (0x0000000089515688) 
thrown [e:\jenkins\tmp\workspace\build\src\src\hotspot\share\prims\jni.cpp, line 516]
Event: 37.479 Thread 0x000002a1a1013630 Exception <a 'sun/nio/fs/WindowsException'{0x00000000895160e8}> (0x00000000895160e8) 
thrown [e:\jenkins\tmp\workspace\build\src\src\hotspot\share\prims\jni.cpp, line 516]
Event: 37.479 Thread 0x000002a1a1013630 Exception <a 'sun/nio/fs/WindowsException'{0x0000000089516508}> (0x0000000089516508) 
thrown [e:\jenkins\tmp\workspace\build\src\src\hotspot\share\prims\jni.cpp, line 516]
Event: 37.479 Thread 0x000002a1a1010fb0 Exception <a 'sun/nio/fs/WindowsException'{0x0000000089521ed8}> (0x0000000089521ed8) 
thrown [e:\jenkins\tmp\workspace\build\src\src\hotspot\share\prims\jni.cpp, line 516]
Event: 37.479 Thread 0x000002a1a1013630 Exception <a 'sun/nio/fs/WindowsException'{0x0000000089516f68}> (0x0000000089516f68) 
thrown [e:\jenkins\tmp\workspace\build\src\src\hotspot\share\prims\jni.cpp, line 516]
Event: 37.479 Thread 0x000002a1a1013630 Exception <a 'sun/nio/fs/WindowsException'{0x0000000089517378}> (0x0000000089517378) 
thrown [e:\jenkins\tmp\workspace\build\src\src\hotspot\share\prims\jni.cpp, line 516]
Event: 37.479 Thread 0x000002a1a1010fb0 Exception <a 'sun/nio/fs/WindowsException'{0x0000000089522348}> (0x0000000089522348) 
thrown [e:\jenkins\tmp\workspace\build\src\src\hotspot\share\prims\jni.cpp, line 516]
Event: 37.479 Thread 0x000002a1a1013630 Exception <a 'sun/nio/fs/WindowsException'{0x0000000089517dd8}> (0x0000000089517dd8) 
thrown [e:\jenkins\tmp\workspace\build\src\src\hotspot\share\prims\jni.cpp, line 516]
Event: 37.479 Thread 0x000002a1a1013630 Exception <a 'sun/nio/fs/WindowsException'{0x00000000895181f8}> (0x00000000895181f8) 
thrown [e:\jenkins\tmp\workspace\build\src\src\hotspot\share\prims\jni.cpp, line 516]
Event: 37.479 Thread 0x000002a1a1013630 Exception <a 'sun/nio/fs/WindowsException'{0x0000000089518c80}> (0x0000000089518c80) 
thrown [e:\jenkins\tmp\workspace\build\src\src\hotspot\share\prims\jni.cpp, line 516]
Event: 37.479 Thread 0x000002a1a1013630 Exception <a 'sun/nio/fs/WindowsException'{0x00000000895190c0}> (0x00000000895190c0) 
thrown [e:\jenkins\tmp\workspace\build\src\src\hotspot\share\prims\jni.cpp, line 516]
Event: 37.479 Thread 0x000002a1a1013630 Exception <a 'sun/nio/fs/WindowsException'{0x0000000089519b58}> (0x0000000089519b58) 
thrown [e:\jenkins\tmp\workspace\build\src\src\hotspot\share\prims\jni.cpp, line 516]
Event: 37.479 Thread 0x000002a1a1013630 Exception <a 'sun/nio/fs/WindowsException'{0x0000000089519fa8}> (0x0000000089519fa8) 
thrown [e:\jenkins\tmp\workspace\build\src\src\hotspot\share\prims\jni.cpp, line 516]
Event: 37.479 Thread 0x000002a1a1013630 Exception <a 'sun/nio/fs/WindowsException'{0x000000008951aa30}> (0x000000008951aa30) 
thrown [e:\jenkins\tmp\workspace\build\src\src\hotspot\share\prims\jni.cpp, line 516]
Event: 37.480 Thread 0x000002a1a1013630 Exception <a 'sun/nio/fs/WindowsException'{0x000000008951ae80}> (0x000000008951ae80) 
thrown [e:\jenkins\tmp\workspace\build\src\src\hotspot\share\prims\jni.cpp, line 516]

VM Operations (20 events):
Event: 35.555 Executing VM operation: G1Concurrent done
Event: 35.575 Executing VM operation: HandshakeAllThreads
Event: 35.576 Executing VM operation: HandshakeAllThreads done
Event: 35.937 Executing VM operation: G1CollectForAllocation
Event: 35.969 Executing VM operation: G1CollectForAllocation done
Event: 36.036 Executing VM operation: G1TryInitiateConcMark
Event: 36.043 Executing VM operation: G1TryInitiateConcMark done
Event: 36.306 Executing VM operation: G1CollectForAllocation
Event: 36.339 Executing VM operation: G1CollectForAllocation done
Event: 36.739 Executing VM operation: G1CollectForAllocation
Event: 36.781 Executing VM operation: G1CollectForAllocation done
Event: 36.851 Executing VM operation: G1Concurrent
Event: 36.860 Executing VM operation: G1Concurrent done
Event: 36.900 Executing VM operation: G1Concurrent
Event: 36.900 Executing VM operation: G1Concurrent done
Event: 37.023 Executing VM operation: G1CollectForAllocation
Event: 37.033 Executing VM operation: G1CollectForAllocation done
Event: 37.062 Executing VM operation: G1CollectForAllocation
Event: 37.083 Executing VM operation: G1CollectForAllocation done
Event: 37.523 Executing VM operation: G1CollectForAllocation

Events (20 events):
Event: 37.400 Thread 0x000002a1a1013630 Thread exited: 0x000002a1a1013630
Event: 37.400 Thread 0x000002a1a679a310 Thread exited: 0x000002a1a679a310
Event: 37.400 Thread 0x000002a1a679e1a0 Thread exited: 0x000002a1a679e1a0
Event: 37.400 Thread 0x000002a1a679b650 Thread exited: 0x000002a1a679b650
Event: 37.400 Thread 0x000002a1a679bb20 Thread exited: 0x000002a1a679bb20
Event: 37.401 Thread 0x000002a1a679eb40 Thread exited: 0x000002a1a679eb40
Event: 37.467 Thread 0x000002a1a1010fb0 Thread added: 0x000002a1a1010fb0
Event: 37.470 Thread 0x000002a1a1013630 Thread added: 0x000002a1a1013630
Event: 37.470 Thread 0x000002a1a10122f0 Thread added: 0x000002a1a10122f0
Event: 37.471 Thread 0x000002a1a1011e20 Thread added: 0x000002a1a1011e20
Event: 37.471 Thread 0x000002a1a100fc70 Thread added: 0x000002a1a100fc70
Event: 37.471 Thread 0x000002a1a679bff0 Thread added: 0x000002a1a679bff0
Event: 37.471 Thread 0x000002a1a679b180 Thread added: 0x000002a1a679b180
Event: 37.471 Thread 0x000002a1a679a310 Thread added: 0x000002a1a679a310
Event: 37.471 Thread 0x000002a1a67a1690 Thread added: 0x000002a1a67a1690
Event: 37.471 Thread 0x000002a1a67a0820 Thread added: 0x000002a1a67a0820
Event: 37.471 Thread 0x000002a1a679bb20 Thread added: 0x000002a1a679bb20
Event: 37.472 Thread 0x000002a1a679a7e0 Thread added: 0x000002a1a679a7e0
Event: 37.472 Thread 0x000002a1a67a0cf0 Thread added: 0x000002a1a67a0cf0
Event: 37.472 Thread 0x000002a1a679acb0 Thread added: 0x000002a1a679acb0


Dynamic libraries:
0x00007ff6dc9e0000 - 0x00007ff6dc9ee000 	C:\Users\2107301\Downloads\eclipse-jee-2021-12-R-win32-x86_64\eclipse\plugins\org.eclipse.justj.openjdk.hotspot.jre.full.win32.x86_64_17.0.1.v20211116-1657\jre\bin\javaw.exe
0x00007ffcfeac0000 - 0x00007ffcfecc9000 	C:\WINDOWS\SYSTEM32\ntdll.dll
0x00007ffcfc930000 - 0x00007ffcfc9ee000 	C:\WINDOWS\System32\KERNEL32.DLL
0x00007ffcfc3c0000 - 0x00007ffcfc744000 	C:\WINDOWS\System32\KERNELBASE.dll
0x00007ffcfbf70000 - 0x00007ffcfc081000 	C:\WINDOWS\System32\ucrtbase.dll
0x00007ffcf2880000 - 0x00007ffcf2898000 	C:\Users\2107301\Downloads\eclipse-jee-2021-12-R-win32-x86_64\eclipse\plugins\org.eclipse.justj.openjdk.hotspot.jre.full.win32.x86_64_17.0.1.v20211116-1657\jre\bin\jli.dll
0x00007ffcfe8d0000 - 0x00007ffcfea7d000 	C:\WINDOWS\System32\USER32.dll
0x00007ffcfc270000 - 0x00007ffcfc296000 	C:\WINDOWS\System32\win32u.dll
0x00007ffcfe580000 - 0x00007ffcfe5aa000 	C:\WINDOWS\System32\GDI32.dll
0x00007ffcfc810000 - 0x00007ffcfc92f000 	C:\WINDOWS\System32\gdi32full.dll
0x00007ffcfc2a0000 - 0x00007ffcfc33d000 	C:\WINDOWS\System32\msvcp_win.dll
0x00007ffcdd460000 - 0x00007ffcdd705000 	C:\WINDOWS\WinSxS\amd64_microsoft.windows.common-controls_6595b64144ccf1df_6.0.22000.120_none_9d947278b86cc467\COMCTL32.dll
0x00007ffcfe1f0000 - 0x00007ffcfe293000 	C:\WINDOWS\System32\msvcrt.dll
0x00007ffce3160000 - 0x00007ffce3179000 	C:\Users\2107301\Downloads\eclipse-jee-2021-12-R-win32-x86_64\eclipse\plugins\org.eclipse.justj.openjdk.hotspot.jre.full.win32.x86_64_17.0.1.v20211116-1657\jre\bin\VCRUNTIME140.dll
0x00007ffcfe1b0000 - 0x00007ffcfe1e1000 	C:\WINDOWS\System32\IMM32.DLL
0x00007ffcfa860000 - 0x00007ffcfa970000 	C:\Program Files\Avecto\Privilege Guard Client\PGHook.dll
0x00007ffcfcbd0000 - 0x00007ffcfcc7f000 	C:\WINDOWS\System32\ADVAPI32.dll
0x00007ffcfcc80000 - 0x00007ffcfcd1e000 	C:\WINDOWS\System32\sechost.dll
0x00007ffcfe080000 - 0x00007ffcfe1a1000 	C:\WINDOWS\System32\RPCRT4.dll
0x00007ffcf27b0000 - 0x00007ffcf27bc000 	C:\Users\2107301\Downloads\eclipse-jee-2021-12-R-win32-x86_64\eclipse\plugins\org.eclipse.justj.openjdk.hotspot.jre.full.win32.x86_64_17.0.1.v20211116-1657\jre\bin\vcruntime140_1.dll
0x00007ffccc5e0000 - 0x00007ffccc671000 	C:\Users\2107301\Downloads\eclipse-jee-2021-12-R-win32-x86_64\eclipse\plugins\org.eclipse.justj.openjdk.hotspot.jre.full.win32.x86_64_17.0.1.v20211116-1657\jre\bin\msvcp140.dll
0x00007ffc54ab0000 - 0x00007ffc556f6000 	C:\Users\2107301\Downloads\eclipse-jee-2021-12-R-win32-x86_64\eclipse\plugins\org.eclipse.justj.openjdk.hotspot.jre.full.win32.x86_64_17.0.1.v20211116-1657\jre\bin\server\jvm.dll
0x00007ffcfcd80000 - 0x00007ffcfcd88000 	C:\WINDOWS\System32\PSAPI.DLL
0x00007ffcdd450000 - 0x00007ffcdd459000 	C:\WINDOWS\SYSTEM32\WSOCK32.dll
0x00007ffcfe510000 - 0x00007ffcfe57f000 	C:\WINDOWS\System32\WS2_32.dll
0x00007ffcf2610000 - 0x00007ffcf2643000 	C:\WINDOWS\SYSTEM32\WINMM.dll
0x00007ffcee5e0000 - 0x00007ffcee5ea000 	C:\WINDOWS\SYSTEM32\VERSION.dll
0x00007ffcfaf80000 - 0x00007ffcfaf98000 	C:\WINDOWS\SYSTEM32\kernel.appcore.dll
0x00007ffcf77c0000 - 0x00007ffcf77ca000 	C:\Users\2107301\Downloads\eclipse-jee-2021-12-R-win32-x86_64\eclipse\plugins\org.eclipse.justj.openjdk.hotspot.jre.full.win32.x86_64_17.0.1.v20211116-1657\jre\bin\jimage.dll
0x00007ffcf9750000 - 0x00007ffcf9971000 	C:\WINDOWS\SYSTEM32\DBGHELP.DLL
0x00007ffce0680000 - 0x00007ffce06b1000 	C:\WINDOWS\SYSTEM32\dbgcore.DLL
0x00007ffcfc340000 - 0x00007ffcfc3bf000 	C:\WINDOWS\System32\bcryptPrimitives.dll
0x00007ffcf64f0000 - 0x00007ffcf64fe000 	C:\Users\2107301\Downloads\eclipse-jee-2021-12-R-win32-x86_64\eclipse\plugins\org.eclipse.justj.openjdk.hotspot.jre.full.win32.x86_64_17.0.1.v20211116-1657\jre\bin\instrument.dll
0x00007ffce5ee0000 - 0x00007ffce5f05000 	C:\Users\2107301\Downloads\eclipse-jee-2021-12-R-win32-x86_64\eclipse\plugins\org.eclipse.justj.openjdk.hotspot.jre.full.win32.x86_64_17.0.1.v20211116-1657\jre\bin\java.dll
0x00007ffce71a0000 - 0x00007ffce71b8000 	C:\Users\2107301\Downloads\eclipse-jee-2021-12-R-win32-x86_64\eclipse\plugins\org.eclipse.justj.openjdk.hotspot.jre.full.win32.x86_64_17.0.1.v20211116-1657\jre\bin\zip.dll
0x00007ffcfd470000 - 0x00007ffcfdc35000 	C:\WINDOWS\System32\SHELL32.dll
0x00007ffcf9d70000 - 0x00007ffcfa5d4000 	C:\WINDOWS\SYSTEM32\windows.storage.dll
0x00007ffcfdc40000 - 0x00007ffcfdfb6000 	C:\WINDOWS\System32\combase.dll
0x00007ffcf9c00000 - 0x00007ffcf9d67000 	C:\WINDOWS\SYSTEM32\wintypes.dll
0x00007ffcfce80000 - 0x00007ffcfcf6a000 	C:\WINDOWS\System32\SHCORE.dll
0x00007ffcfe310000 - 0x00007ffcfe36d000 	C:\WINDOWS\System32\shlwapi.dll
0x00007ffcfbea0000 - 0x00007ffcfbec1000 	C:\WINDOWS\SYSTEM32\profapi.dll
0x00007ffce6ef0000 - 0x00007ffce6f09000 	C:\Users\2107301\Downloads\eclipse-jee-2021-12-R-win32-x86_64\eclipse\plugins\org.eclipse.justj.openjdk.hotspot.jre.full.win32.x86_64_17.0.1.v20211116-1657\jre\bin\net.dll
0x00007ffcfafa0000 - 0x00007ffcfb0b3000 	C:\WINDOWS\SYSTEM32\WINHTTP.dll
0x00007ffcfb530000 - 0x00007ffcfb597000 	C:\WINDOWS\system32\mswsock.dll
0x00007ffce6de0000 - 0x00007ffce6df5000 	C:\Users\2107301\Downloads\eclipse-jee-2021-12-R-win32-x86_64\eclipse\plugins\org.eclipse.justj.openjdk.hotspot.jre.full.win32.x86_64_17.0.1.v20211116-1657\jre\bin\nio.dll
0x00007ffcf4b60000 - 0x00007ffcf4b70000 	C:\Users\2107301\Downloads\eclipse-jee-2021-12-R-win32-x86_64\eclipse\plugins\org.eclipse.justj.openjdk.hotspot.jre.full.win32.x86_64_17.0.1.v20211116-1657\jre\bin\verify.dll
0x00007ffce8ae0000 - 0x00007ffce8af7000 	C:\WINDOWS\system32\napinsp.dll
0x00007ffce88d0000 - 0x00007ffce88eb000 	C:\WINDOWS\system32\pnrpnsp.dll
0x00007ffcfaa40000 - 0x00007ffcfab28000 	C:\WINDOWS\SYSTEM32\DNSAPI.dll
0x00007ffcfaa10000 - 0x00007ffcfaa3d000 	C:\WINDOWS\SYSTEM32\IPHLPAPI.DLL
0x00007ffcfe060000 - 0x00007ffcfe069000 	C:\WINDOWS\System32\NSI.dll
0x00007ffce8840000 - 0x00007ffce8852000 	C:\WINDOWS\System32\winrnr.dll
0x00007ffcf0900000 - 0x00007ffcf0915000 	C:\WINDOWS\system32\wshbth.dll
0x00007ffce8820000 - 0x00007ffce883f000 	C:\WINDOWS\system32\nlansp_c.dll
0x00007ffce8810000 - 0x00007ffce881a000 	C:\Windows\System32\rasadhlp.dll
0x00007ffcedb60000 - 0x00007ffcedbe2000 	C:\WINDOWS\System32\fwpuclnt.dll
0x00007ffcf20b0000 - 0x00007ffcf20c9000 	C:\WINDOWS\SYSTEM32\dhcpcsvc6.DLL
0x00007ffcf21d0000 - 0x00007ffcf21ee000 	C:\WINDOWS\SYSTEM32\dhcpcsvc.DLL
0x00007ffcfb800000 - 0x00007ffcfb818000 	C:\WINDOWS\SYSTEM32\CRYPTSP.dll
0x00007ffcfaee0000 - 0x00007ffcfaf15000 	C:\WINDOWS\system32\rsaenh.dll
0x00007ffcfb5d0000 - 0x00007ffcfb5f9000 	C:\WINDOWS\SYSTEM32\USERENV.dll
0x00007ffcfb950000 - 0x00007ffcfb977000 	C:\WINDOWS\SYSTEM32\bcrypt.dll
0x00007ffcfb720000 - 0x00007ffcfb72c000 	C:\WINDOWS\SYSTEM32\CRYPTBASE.dll
0x00007ffcf08f0000 - 0x00007ffcf08fe000 	C:\Users\2107301\Downloads\eclipse-jee-2021-12-R-win32-x86_64\eclipse\plugins\org.eclipse.justj.openjdk.hotspot.jre.full.win32.x86_64_17.0.1.v20211116-1657\jre\bin\sunmscapi.dll
0x00007ffcfc090000 - 0x00007ffcfc1fa000 	C:\WINDOWS\System32\CRYPT32.dll
0x00007ffcfb920000 - 0x00007ffcfb94a000 	C:\WINDOWS\SYSTEM32\ncrypt.dll
0x00007ffcfb8e0000 - 0x00007ffcfb917000 	C:\WINDOWS\SYSTEM32\NTASN1.dll

dbghelp: loaded successfully - version: 4.0.5 - missing functions: none
symbol engine: initialized successfully - sym options: 0x614 - pdb path: .;C:\Users\2107301\Downloads\eclipse-jee-2021-12-R-win32-x86_64\eclipse\plugins\org.eclipse.justj.openjdk.hotspot.jre.full.win32.x86_64_17.0.1.v20211116-1657\jre\bin;C:\WINDOWS\SYSTEM32;C:\WINDOWS\WinSxS\amd64_microsoft.windows.common-controls_6595b64144ccf1df_6.0.22000.120_none_9d947278b86cc467;C:\Program Files\Avecto\Privilege Guard Client;C:\Users\2107301\Downloads\eclipse-jee-2021-12-R-win32-x86_64\eclipse\plugins\org.eclipse.justj.openjdk.hotspot.jre.full.win32.x86_64_17.0.1.v20211116-1657\jre\bin\server

VM Arguments:
jvm_args: -javaagent:C:\Users\2107301\Downloads\eclipse-jee-2021-12-R-win32-x86_64\eclipse\configuration\org.eclipse.osgi\908\0\.cp\jacocoagent.jar=includes=*,excludes=,exclclassloader=sun.reflect.DelegatingClassLoader,output=tcpclient,port=53527 -ea -Dfile.encoding=UTF-8 -XX:+ShowCodeDetailsInExceptionMessages 
java_command: org.eclipse.jdt.internal.junit.runner.RemoteTestRunner -version 3 -port 53528 -testLoaderClass org.eclipse.jdt.internal.junit5.runner.JUnit5TestLoader -loaderpluginname org.eclipse.jdt.junit5.runtime -packageNameFile C:\Users\2107301\AppData\Local\Temp\5\packageNames3412326198894178680.txt
java_class_path (initial): C:\Users\2107301\Downloads\mtb-movie-backend-main\mtb-movie-backend-main\moviebookingapp-microservice\target\test-classes;C:\Users\2107301\Downloads\mtb-movie-backend-main\mtb-movie-backend-main\moviebookingapp-microservice\target\classes;C:\Users\2107301\Downloads\eclipse-jee-2021-12-R-win32-x86_64\eclipse\plugins\org.junit_4.13.2.v20211018-1956.jar;C:\Users\2107301\Downloads\eclipse-jee-2021-12-R-win32-x86_64\eclipse\plugins\org.hamcrest.core_1.3.0.v20180420-1519.jar;C:\Users\2107301\.m2\repository\org\springframework\boot\spring-boot-starter-actuator\3.0.6\spring-boot-starter-actuator-3.0.6.jar;C:\Users\2107301\.m2\repository\org\springframework\boot\spring-boot-starter\3.0.6\spring-boot-starter-3.0.6.jar;C:\Users\2107301\.m2\repository\org\springframework\boot\spring-boot-starter-logging\3.0.6\spring-boot-starter-logging-3.0.6.jar;C:\Users\2107301\.m2\repository\ch\qos\logback\logback-classic\1.4.7\logback-classic-1.4.7.jar;C:\Users\2107301\.m2\repository\ch\qos\logback\logback-core\1.4.7\logback-core-1.4.7.jar;C:\Users\2107301\.m2\repository\org\apache\logging\log4j\log4j-to-slf4j\2.19.0\log4j-to-slf4j-2.19.0.jar;C:\Users\2107301\.m2\repository\org\apache\logging\log4j\log4j-api\2.19.0\log4j-api-2.19.0.jar;C:\Users\2107301\.m2\repository\org\slf4j\jul-to-slf4j\2.0.7\jul-to-slf4j-2.0.7.jar;C:\Users\2107301\.m2\repository\jakarta\annotation\jakarta.annotation-api\2.1.1\jakarta.annotation-api-2.1.1.jar;C:\Users\2107301\.m2\repository\org\yaml\snakeyaml\1.33\snakeyaml-1.33.jar;C:\Users\2107301\.m2\repository\org\springframework\boot\spring-boot-actuator-autoconfigure\3.0.6\spring-boot-actuator-autoconfigure-3.0.6.jar;C:\Users\2107301\.m2\repository\org\springframework\boot\spring-boot-actuator\3.0.6\spring-boot-actuator-3.0.6.jar;C:\Users\2107301\.m2\repository\com\fasterxml\jackson\datatype\jackson-datatype-jsr310\2.14.2\jackson-datatype-jsr310-2.14.2.jar;C:\Users\2107301\.m2\repository\io\micrometer\micrometer-observation\1.10.6\micro
Launcher Type: SUN_STANDARD

[Global flags]
     intx CICompilerCount                          = 4                                         {product} {ergonomic}
     uint ConcGCThreads                            = 2                                         {product} {ergonomic}
     uint G1ConcRefinementThreads                  = 8                                         {product} {ergonomic}
   size_t G1HeapRegionSize                         = 1048576                                   {product} {ergonomic}
    uintx GCDrainStackTargetSize                   = 64                                        {product} {ergonomic}
   size_t InitialHeapSize                          = 132120576                                 {product} {ergonomic}
   size_t MarkStackSize                            = 4194304                                   {product} {ergonomic}
   size_t MaxHeapSize                              = 2105540608                                {product} {ergonomic}
   size_t MaxNewSize                               = 1262485504                                {product} {ergonomic}
   size_t MinHeapDeltaBytes                        = 1048576                                   {product} {ergonomic}
   size_t MinHeapSize                              = 8388608                                   {product} {ergonomic}
    uintx NonNMethodCodeHeapSize                   = 5839372                                {pd product} {ergonomic}
    uintx NonProfiledCodeHeapSize                  = 122909434                              {pd product} {ergonomic}
    uintx ProfiledCodeHeapSize                     = 122909434                              {pd product} {ergonomic}
    uintx ReservedCodeCacheSize                    = 251658240                              {pd product} {ergonomic}
     bool SegmentedCodeCache                       = true                                      {product} {ergonomic}
     bool ShowCodeDetailsInExceptionMessages       = true                                   {manageable} {command line}
   size_t SoftMaxHeapSize                          = 2105540608                             {manageable} {ergonomic}
     bool UseCompressedClassPointers               = true                           {product lp64_product} {ergonomic}
     bool UseCompressedOops                        = true                           {product lp64_product} {ergonomic}
     bool UseG1GC                                  = true                                      {product} {ergonomic}
     bool UseLargePagesIndividualAllocation        = false                                  {pd product} {ergonomic}

Logging:
Log output configuration:
 #0: stdout all=warning uptime,level,tags
 #1: stderr all=off uptime,level,tags

Environment Variables:
JAVA_HOME=C:\Users\2107301\Downloads\jdk-17.0.7
PATH=C:/Users/2107301/Downloads/eclipse-jee-2021-12-R-win32-x86_64/eclipse//plugins/org.eclipse.justj.openjdk.hotspot.jre.full.win32.x86_64_17.0.1.v20211116-1657/jre/bin/server;C:/Users/2107301/Downloads/eclipse-jee-2021-12-R-win32-x86_64/eclipse//plugins/org.eclipse.justj.openjdk.hotspot.jre.full.win32.x86_64_17.0.1.v20211116-1657/jre/bin;C:\Program Files (x86)\Common Files\Oracle\Java\javapath;C:\WINDOWS\system32;C:\WINDOWS;C:\WINDOWS\System32\Wbem;C:\WINDOWS\System32\WindowsPowerShell\v1.0\;C:\WINDOWS\System32\OpenSSH\;C:\Users\2107301\Downloads\jdk-17.0.7\bin;C:\Users\2107301\Downloads\apache-maven-3.8.5-bin\apache-maven-3.8.5\bin;C:\Program Files\Microsoft VS Code\bin;C:\Program Files\nodejs\;C:\Program Files\PuTTY\;C:\Program Files\Git\cmd;C:\Program Files\Docker\Docker\resources\bin;C:\ProgramData\DockerDesktop\version-bin;C:\kafka_2.13-3.2.0\bin\windows;C:\Program Files\Intel\WiFi\bin\;C:\Program Files\Common Files\Intel\WirelessCommon\;C:\Program Files\Amazon\AWSCLIV2\;C:\Program Files\MySQL\MySQL Server 8.0\bin;C:\Program Files\MySQL\MySQL Server 8.0\bin;C:\Users\2107301\AppData\Local\Microsoft\WindowsApps;C:\apache-maven-3.8.5\bin;C:\Users\2107301\Downloads\jdk-17.0.7\bin;C:\Users\2107301\AppData\Roaming\npm;;C:\Users\2107301\Downloads\eclipse-jee-2021-12-R-win32-x86_64\eclipse;
USERNAME=2107301
OS=Windows_NT
PROCESSOR_IDENTIFIER=Intel64 Family 6 Model 142 Stepping 10, GenuineIntel



---------------  S Y S T E M  ---------------

OS:
 Windows 10 , 64 bit Build 22000 (10.0.22000.1880)
OS uptime: 7 days 16:47 hours
Hyper-V role detected

CPU: total 8 (initial active 8) (4 cores per cpu, 2 threads per core) family 6 model 142 stepping 10 microcode 0xec, cx8, cmov, fxsr, ht, mmx, 3dnowpref, sse, sse2, sse3, ssse3, sse4.1, sse4.2, popcnt, lzcnt, tsc, tscinvbit, avx, avx2, aes, erms, clmul, bmi1, bmi2, rtm, adx, fma, vzeroupper, clflush, clflushopt, hv

Memory: 4k page, system-wide physical 8025M (345M free)
TotalPageFile size 24409M (AvailPageFile size 35M)
current process WorkingSet (physical memory assigned to process): 357M, peak: 359M
current process commit charge ("private bytes"): 398M, peak: 525M

vm_info: OpenJDK 64-Bit Server VM (17.0.1+12) for windows-amd64 JRE (17.0.1+12), built on Oct 20 2021 07:42:55 by "" with MS VC++ 16.7 (VS2019)

END.
